DEBUG - 2025-07-22 01:58:01 --> Session: Class initialized using 'CodeIgniter\Session\Handlers\FileHandler' driver.
CRITICAL - 2025-07-22 01:58:04 --> ErrorException: unlink(C:\xampp\htdocs\hotel10\writable\debugbar/debugbar_1752832707.529375.json): No such file or directory
[Method: GET, Route: /]
in SYSTEMPATH\Debug\Toolbar\Collectors\History.php on line 82.
 1 [internal function]: CodeIgniter\Debug\Exceptions->errorHandler(2, 'unlink(C:\\xampp\\htdocs\\hotel10\\writable\\debugbar/debugbar_1752832707.529375.json): No such file or directory', 'C:\\xampp\\htdocs\\hotel10\\system\\Debug\\Toolbar\\Collectors\\History.php', 82)
 2 SYSTEMPATH\Debug\Toolbar\Collectors\History.php(82): unlink('C:\\xampp\\htdocs\\hotel10\\writable\\debugbar/debugbar_1752832707.529375.json')
 3 SYSTEMPATH\Debug\Toolbar.php(517): CodeIgniter\Debug\Toolbar\Collectors\History->setFiles('1753149471.375175', 20)
 4 SYSTEMPATH\Debug\Toolbar.php(496): CodeIgniter\Debug\Toolbar->format([...], 'html')
 5 APPPATH\Config\Events.php(47): CodeIgniter\Debug\Toolbar->respond()
 6 SYSTEMPATH\Events\Events.php(155): CodeIgniter\Events\Events::Config\{closure}()
 7 SYSTEMPATH\CodeIgniter.php(339): CodeIgniter\Events\Events::trigger('pre_system')
 8 SYSTEMPATH\Boot.php(334): CodeIgniter\CodeIgniter->run()
 9 SYSTEMPATH\Boot.php(67): CodeIgniter\Boot::runCodeIgniter(Object(CodeIgniter\CodeIgniter))
10 FCPATH\index.php(59): CodeIgniter\Boot::bootWeb(Object(Config\Paths))
DEBUG - 2025-07-22 01:58:12 --> Session: Class initialized using 'CodeIgniter\Session\Handlers\FileHandler' driver.
DEBUG - 2025-07-22 01:58:12 --> Admin login successful for email: man@mail.com
DEBUG - 2025-07-22 01:58:12 --> Session: Class initialized using 'CodeIgniter\Session\Handlers\FileHandler' driver.
DEBUG - 2025-07-22 01:58:17 --> User logged out. Session destroyed.
DEBUG - 2025-07-22 01:58:17 --> Session: Class initialized using 'CodeIgniter\Session\Handlers\FileHandler' driver.
DEBUG - 2025-07-22 01:58:18 --> Session: Class initialized using 'CodeIgniter\Session\Handlers\FileHandler' driver.
DEBUG - 2025-07-22 01:59:20 --> Session: Class initialized using 'CodeIgniter\Session\Handlers\FileHandler' driver.
DEBUG - 2025-07-22 01:59:20 --> Tamu login successful for email: satria@mail.com. Session data set: {"__ci_last_regenerate":1753149498,"_ci_previous_url":"http:\/\/localhost\/hotel10\/public\/index.php\/login","id_tamu":"5","nama":"satria ","email":"satria@mail.com","isLoggedIn":true,"role":"tamu"}
DEBUG - 2025-07-22 01:59:27 --> Session: Class initialized using 'CodeIgniter\Session\Handlers\FileHandler' driver.
DEBUG - 2025-07-22 01:59:27 --> TamuFilter: Metode before dipicu untuk URI: http://localhost/hotel10/public/index.php/tamu/dashboard
DEBUG - 2025-07-22 01:59:27 --> TamuFilter: Peran sesi saat ini: tamu
DEBUG - 2025-07-22 01:59:27 --> TamuFilter: Status login: true
DEBUG - 2025-07-22 01:59:27 --> TamuFilter: Pengguna adalah tamu. Melanjutkan permintaan.
DEBUG - 2025-07-22 01:59:28 --> TamuController: index method triggered.
DEBUG - 2025-07-22 01:59:28 --> TamuController: Attempting to load tamu_dashboard view.
DEBUG - 2025-07-22 02:00:22 --> Session: Class initialized using 'CodeIgniter\Session\Handlers\FileHandler' driver.
DEBUG - 2025-07-22 02:00:22 --> TamuFilter: Metode before dipicu untuk URI: http://localhost/hotel10/public/index.php/tamu/check-room-availability
DEBUG - 2025-07-22 02:00:22 --> TamuFilter: Peran sesi saat ini: tamu
DEBUG - 2025-07-22 02:00:22 --> TamuFilter: Status login: true
DEBUG - 2025-07-22 02:00:22 --> TamuFilter: Pengguna adalah tamu. Melanjutkan permintaan.
DEBUG - 2025-07-22 02:00:22 --> TamuController: checkRoomAvailability method triggered.
DEBUG - 2025-07-22 02:00:22 --> TamuController: checkRoomAvailability - Input: {"tgl_masuk":"2025-07-22","tgl_keluar":"2025-07-23","jumlah_tamu":"1"}
DEBUG - 2025-07-22 02:00:22 --> TamuController: checkRoomAvailability - Reserved IDs: []
DEBUG - 2025-07-22 02:00:22 --> TamuController: checkRoomAvailability - Found rooms: 2
DEBUG - 2025-07-22 02:04:17 --> Session: Class initialized using 'CodeIgniter\Session\Handlers\FileHandler' driver.
DEBUG - 2025-07-22 02:04:17 --> TamuFilter: Metode before dipicu untuk URI: http://localhost/hotel10/public/index.php/tamu/profil
DEBUG - 2025-07-22 02:04:17 --> TamuFilter: Peran sesi saat ini: tamu
DEBUG - 2025-07-22 02:04:17 --> TamuFilter: Status login: true
DEBUG - 2025-07-22 02:04:17 --> TamuFilter: Pengguna adalah tamu. Melanjutkan permintaan.
DEBUG - 2025-07-22 02:04:17 --> TamuController: editProfil method triggered.
DEBUG - 2025-07-22 02:04:17 --> TamuController: Loading tamu_edit_profil view.
DEBUG - 2025-07-22 02:04:22 --> Session: Class initialized using 'CodeIgniter\Session\Handlers\FileHandler' driver.
DEBUG - 2025-07-22 02:04:22 --> TamuFilter: Metode before dipicu untuk URI: http://localhost/hotel10/public/index.php/tamu/dashboard
DEBUG - 2025-07-22 02:04:22 --> TamuFilter: Peran sesi saat ini: tamu
DEBUG - 2025-07-22 02:04:22 --> TamuFilter: Status login: true
DEBUG - 2025-07-22 02:04:22 --> TamuFilter: Pengguna adalah tamu. Melanjutkan permintaan.
DEBUG - 2025-07-22 02:04:22 --> TamuController: index method triggered.
DEBUG - 2025-07-22 02:04:22 --> TamuController: Attempting to load tamu_dashboard view.
DEBUG - 2025-07-22 02:14:41 --> Session: Class initialized using 'CodeIgniter\Session\Handlers\FileHandler' driver.
DEBUG - 2025-07-22 02:14:41 --> TamuFilter: Metode before dipicu untuk URI: http://localhost/hotel10/public/index.php/tamu/dashboard
DEBUG - 2025-07-22 02:14:41 --> TamuFilter: Peran sesi saat ini: tamu
DEBUG - 2025-07-22 02:14:41 --> TamuFilter: Status login: true
DEBUG - 2025-07-22 02:14:41 --> TamuFilter: Pengguna adalah tamu. Melanjutkan permintaan.
DEBUG - 2025-07-22 02:14:41 --> TamuController: index method triggered.
DEBUG - 2025-07-22 02:14:41 --> TamuController: Attempting to load tamu_dashboard view.
DEBUG - 2025-07-22 02:15:00 --> Session: Class initialized using 'CodeIgniter\Session\Handlers\FileHandler' driver.
DEBUG - 2025-07-22 02:15:00 --> TamuFilter: Metode before dipicu untuk URI: http://localhost/hotel10/public/index.php/tamu/check-room-availability
DEBUG - 2025-07-22 02:15:00 --> TamuFilter: Peran sesi saat ini: tamu
DEBUG - 2025-07-22 02:15:00 --> TamuFilter: Status login: true
DEBUG - 2025-07-22 02:15:00 --> TamuFilter: Pengguna adalah tamu. Melanjutkan permintaan.
DEBUG - 2025-07-22 02:15:00 --> TamuController: checkRoomAvailability method triggered.
DEBUG - 2025-07-22 02:15:00 --> TamuController: checkRoomAvailability - Input: {"tgl_masuk":"2025-07-23","tgl_keluar":"2025-07-25","jumlah_tamu":"1"}
DEBUG - 2025-07-22 02:15:00 --> TamuController: checkRoomAvailability - Reserved IDs: []
DEBUG - 2025-07-22 02:15:00 --> TamuController: checkRoomAvailability - Found rooms: 2
DEBUG - 2025-07-22 02:15:05 --> Session: Class initialized using 'CodeIgniter\Session\Handlers\FileHandler' driver.
DEBUG - 2025-07-22 02:15:05 --> TamuFilter: Metode before dipicu untuk URI: http://localhost/hotel10/public/index.php/tamu/create-reservation
DEBUG - 2025-07-22 02:15:05 --> TamuFilter: Peran sesi saat ini: tamu
DEBUG - 2025-07-22 02:15:05 --> TamuFilter: Status login: true
DEBUG - 2025-07-22 02:15:05 --> TamuFilter: Pengguna adalah tamu. Melanjutkan permintaan.
DEBUG - 2025-07-22 02:15:05 --> TamuController: createReservation method triggered.
DEBUG - 2025-07-22 02:15:05 --> TamuController: createReservation - Input: {"id_unit_kamar":"2","tgl_masuk":"2025-07-23","tgl_keluar":"2025-07-25","harga_kamar":1400000}
DEBUG - 2025-07-22 02:15:05 --> TamuController: createReservation - Total price: 2800000 for 2 nights.
DEBUG - 2025-07-22 02:15:05 --> TamuController: createReservation - Reservation successful. ID: 4
DEBUG - 2025-07-22 02:15:07 --> Session: Class initialized using 'CodeIgniter\Session\Handlers\FileHandler' driver.
DEBUG - 2025-07-22 02:15:07 --> TamuFilter: Metode before dipicu untuk URI: http://localhost/hotel10/public/index.php/tamu/dashboard
DEBUG - 2025-07-22 02:15:07 --> TamuFilter: Peran sesi saat ini: tamu
DEBUG - 2025-07-22 02:15:07 --> TamuFilter: Status login: true
DEBUG - 2025-07-22 02:15:07 --> TamuFilter: Pengguna adalah tamu. Melanjutkan permintaan.
DEBUG - 2025-07-22 02:15:07 --> TamuController: index method triggered.
DEBUG - 2025-07-22 02:15:07 --> TamuController: Attempting to load tamu_dashboard view.
DEBUG - 2025-07-22 02:20:17 --> Session: Class initialized using 'CodeIgniter\Session\Handlers\FileHandler' driver.
DEBUG - 2025-07-22 02:20:17 --> TamuFilter: Metode before dipicu untuk URI: http://localhost/hotel10/public/index.php/tamu/reservasi-form
DEBUG - 2025-07-22 02:20:17 --> TamuFilter: Peran sesi saat ini: tamu
DEBUG - 2025-07-22 02:20:17 --> TamuFilter: Status login: true
DEBUG - 2025-07-22 02:20:17 --> TamuFilter: Pengguna adalah tamu. Melanjutkan permintaan.
DEBUG - 2025-07-22 02:20:18 --> Session: Class initialized using 'CodeIgniter\Session\Handlers\FileHandler' driver.
DEBUG - 2025-07-22 02:20:28 --> Session: Class initialized using 'CodeIgniter\Session\Handlers\FileHandler' driver.
DEBUG - 2025-07-22 02:20:28 --> Tamu login successful for email: satria@mail.com. Session data set: {"__ci_last_regenerate":1753150817,"_ci_previous_url":"http:\/\/localhost\/hotel10\/public\/index.php\/login","id_tamu":"5","nama":"satria ","email":"satria@mail.com","isLoggedIn":true,"role":"tamu"}
DEBUG - 2025-07-22 02:20:29 --> Session: Class initialized using 'CodeIgniter\Session\Handlers\FileHandler' driver.
DEBUG - 2025-07-22 02:20:29 --> TamuFilter: Metode before dipicu untuk URI: http://localhost/hotel10/public/index.php/tamu/dashboard
DEBUG - 2025-07-22 02:20:29 --> TamuFilter: Peran sesi saat ini: tamu
DEBUG - 2025-07-22 02:20:29 --> TamuFilter: Status login: true
DEBUG - 2025-07-22 02:20:29 --> TamuFilter: Pengguna adalah tamu. Melanjutkan permintaan.
DEBUG - 2025-07-22 02:20:29 --> TamuController: index method triggered.
DEBUG - 2025-07-22 02:20:29 --> TamuController: Attempting to load tamu_dashboard view.
DEBUG - 2025-07-22 02:29:41 --> Session: Class initialized using 'CodeIgniter\Session\Handlers\FileHandler' driver.
DEBUG - 2025-07-22 02:29:41 --> TamuFilter: Metode before dipicu untuk URI: http://localhost/hotel10/public/index.php/tamu/dashboard
DEBUG - 2025-07-22 02:29:41 --> TamuFilter: Peran sesi saat ini: tamu
DEBUG - 2025-07-22 02:29:41 --> TamuFilter: Status login: true
DEBUG - 2025-07-22 02:29:41 --> TamuFilter: Pengguna adalah tamu. Melanjutkan permintaan.
DEBUG - 2025-07-22 02:29:41 --> TamuController: index method triggered.
DEBUG - 2025-07-22 02:29:41 --> TamuController: Attempting to load tamu_dashboard view.
DEBUG - 2025-07-22 02:30:01 --> Session: Class initialized using 'CodeIgniter\Session\Handlers\FileHandler' driver.
DEBUG - 2025-07-22 02:30:01 --> TamuFilter: Metode before dipicu untuk URI: http://localhost/hotel10/public/index.php/tamu/dashboard
DEBUG - 2025-07-22 02:30:01 --> TamuFilter: Peran sesi saat ini: tamu
DEBUG - 2025-07-22 02:30:01 --> TamuFilter: Status login: true
DEBUG - 2025-07-22 02:30:01 --> TamuFilter: Pengguna adalah tamu. Melanjutkan permintaan.
DEBUG - 2025-07-22 02:30:01 --> TamuController: index method triggered.
DEBUG - 2025-07-22 02:30:01 --> TamuController: Attempting to load tamu_dashboard view.
DEBUG - 2025-07-22 02:30:41 --> Session: Class initialized using 'CodeIgniter\Session\Handlers\FileHandler' driver.
DEBUG - 2025-07-22 02:30:41 --> TamuFilter: Metode before dipicu untuk URI: http://localhost/hotel10/public/index.php/tamu/dashboard
DEBUG - 2025-07-22 02:30:41 --> TamuFilter: Peran sesi saat ini: tamu
DEBUG - 2025-07-22 02:30:41 --> TamuFilter: Status login: true
DEBUG - 2025-07-22 02:30:41 --> TamuFilter: Pengguna adalah tamu. Melanjutkan permintaan.
DEBUG - 2025-07-22 02:30:41 --> TamuController: index method triggered.
DEBUG - 2025-07-22 02:30:42 --> TamuController: Attempting to load tamu_dashboard view.
DEBUG - 2025-07-22 02:30:59 --> Session: Class initialized using 'CodeIgniter\Session\Handlers\FileHandler' driver.
DEBUG - 2025-07-22 02:30:59 --> TamuFilter: Metode before dipicu untuk URI: http://localhost/hotel10/public/index.php/tamu/check-room-availability
DEBUG - 2025-07-22 02:30:59 --> TamuFilter: Peran sesi saat ini: tamu
DEBUG - 2025-07-22 02:30:59 --> TamuFilter: Status login: true
DEBUG - 2025-07-22 02:30:59 --> TamuFilter: Pengguna adalah tamu. Melanjutkan permintaan.
DEBUG - 2025-07-22 02:30:59 --> TamuController: checkRoomAvailability method triggered.
DEBUG - 2025-07-22 02:30:59 --> TamuController: checkRoomAvailability - Input: {"tgl_masuk":"2025-07-23","tgl_keluar":"2025-07-25","jumlah_tamu":"1"}
DEBUG - 2025-07-22 02:30:59 --> TamuController: checkRoomAvailability - Reserved IDs: ["2"]
DEBUG - 2025-07-22 02:30:59 --> TamuController: checkRoomAvailability - Found rooms: 1
DEBUG - 2025-07-22 02:31:19 --> User logged out. Session destroyed.
DEBUG - 2025-07-22 02:31:19 --> Session: Class initialized using 'CodeIgniter\Session\Handlers\FileHandler' driver.
DEBUG - 2025-07-22 02:31:20 --> Session: Class initialized using 'CodeIgniter\Session\Handlers\FileHandler' driver.
DEBUG - 2025-07-22 02:31:26 --> Session: Class initialized using 'CodeIgniter\Session\Handlers\FileHandler' driver.
DEBUG - 2025-07-22 02:31:26 --> Admin login successful for email: man@mail.com
DEBUG - 2025-07-22 02:31:26 --> Session: Class initialized using 'CodeIgniter\Session\Handlers\FileHandler' driver.
DEBUG - 2025-07-22 02:32:01 --> Session: Class initialized using 'CodeIgniter\Session\Handlers\FileHandler' driver.
DEBUG - 2025-07-22 02:32:04 --> Session: Class initialized using 'CodeIgniter\Session\Handlers\FileHandler' driver.
DEBUG - 2025-07-22 02:34:24 --> Session: Class initialized using 'CodeIgniter\Session\Handlers\FileHandler' driver.
DEBUG - 2025-07-22 02:34:27 --> Session: Class initialized using 'CodeIgniter\Session\Handlers\FileHandler' driver.
DEBUG - 2025-07-22 02:34:33 --> Session: Class initialized using 'CodeIgniter\Session\Handlers\FileHandler' driver.
DEBUG - 2025-07-22 02:35:57 --> Session: Class initialized using 'CodeIgniter\Session\Handlers\FileHandler' driver.
DEBUG - 2025-07-22 02:35:57 --> Session: Class initialized using 'CodeIgniter\Session\Handlers\FileHandler' driver.
DEBUG - 2025-07-22 02:36:04 --> Session: Class initialized using 'CodeIgniter\Session\Handlers\FileHandler' driver.
DEBUG - 2025-07-22 02:36:06 --> User logged out. Session destroyed.
DEBUG - 2025-07-22 02:36:06 --> Session: Class initialized using 'CodeIgniter\Session\Handlers\FileHandler' driver.
DEBUG - 2025-07-22 02:36:06 --> Session: Class initialized using 'CodeIgniter\Session\Handlers\FileHandler' driver.
DEBUG - 2025-07-22 02:36:14 --> Session: Class initialized using 'CodeIgniter\Session\Handlers\FileHandler' driver.
DEBUG - 2025-07-22 02:36:14 --> Tamu login successful for email: satria@mail.com. Session data set: {"__ci_last_regenerate":1753151766,"_ci_previous_url":"http:\/\/localhost\/hotel10\/public\/index.php\/login","id_tamu":"5","nama":"satria ","email":"satria@mail.com","isLoggedIn":true,"role":"tamu"}
DEBUG - 2025-07-22 02:36:14 --> Session: Class initialized using 'CodeIgniter\Session\Handlers\FileHandler' driver.
DEBUG - 2025-07-22 02:36:14 --> TamuFilter: Metode before dipicu untuk URI: http://localhost/hotel10/public/index.php/tamu/dashboard
DEBUG - 2025-07-22 02:36:14 --> TamuFilter: Peran sesi saat ini: tamu
DEBUG - 2025-07-22 02:36:14 --> TamuFilter: Status login: true
DEBUG - 2025-07-22 02:36:14 --> TamuFilter: Pengguna adalah tamu. Melanjutkan permintaan.
DEBUG - 2025-07-22 02:36:14 --> TamuController: index method triggered.
DEBUG - 2025-07-22 02:36:14 --> TamuController: Attempting to load tamu_dashboard view.
DEBUG - 2025-07-22 02:36:41 --> Session: Class initialized using 'CodeIgniter\Session\Handlers\FileHandler' driver.
DEBUG - 2025-07-22 02:36:41 --> TamuFilter: Metode before dipicu untuk URI: http://localhost/hotel10/public/index.php/tamu/check-room-availability
DEBUG - 2025-07-22 02:36:41 --> TamuFilter: Peran sesi saat ini: tamu
DEBUG - 2025-07-22 02:36:41 --> TamuFilter: Status login: true
DEBUG - 2025-07-22 02:36:41 --> TamuFilter: Pengguna adalah tamu. Melanjutkan permintaan.
DEBUG - 2025-07-22 02:36:41 --> TamuController: checkRoomAvailability method triggered.
DEBUG - 2025-07-22 02:36:41 --> TamuController: checkRoomAvailability - Input: {"tgl_masuk":"2025-07-23","tgl_keluar":"2025-07-25","jumlah_tamu":"2"}
DEBUG - 2025-07-22 02:36:41 --> TamuController: checkRoomAvailability - Reserved IDs: ["2"]
DEBUG - 2025-07-22 02:36:41 --> TamuController: checkRoomAvailability - Found rooms: 1
DEBUG - 2025-07-22 02:36:51 --> Session: Class initialized using 'CodeIgniter\Session\Handlers\FileHandler' driver.
DEBUG - 2025-07-22 02:36:51 --> TamuFilter: Metode before dipicu untuk URI: http://localhost/hotel10/public/index.php/tamu/check-room-availability
DEBUG - 2025-07-22 02:36:51 --> TamuFilter: Peran sesi saat ini: tamu
DEBUG - 2025-07-22 02:36:51 --> TamuFilter: Status login: true
DEBUG - 2025-07-22 02:36:51 --> TamuFilter: Pengguna adalah tamu. Melanjutkan permintaan.
DEBUG - 2025-07-22 02:36:51 --> TamuController: checkRoomAvailability method triggered.
DEBUG - 2025-07-22 02:36:51 --> TamuController: checkRoomAvailability - Input: {"tgl_masuk":"2025-07-23","tgl_keluar":"2025-07-25","jumlah_tamu":"1"}
DEBUG - 2025-07-22 02:36:51 --> TamuController: checkRoomAvailability - Reserved IDs: ["2"]
DEBUG - 2025-07-22 02:36:51 --> TamuController: checkRoomAvailability - Found rooms: 1
DEBUG - 2025-07-22 02:37:16 --> Session: Class initialized using 'CodeIgniter\Session\Handlers\FileHandler' driver.
DEBUG - 2025-07-22 02:37:16 --> TamuFilter: Metode before dipicu untuk URI: http://localhost/hotel10/public/index.php/tamu/check-room-availability
DEBUG - 2025-07-22 02:37:16 --> TamuFilter: Peran sesi saat ini: tamu
DEBUG - 2025-07-22 02:37:16 --> TamuFilter: Status login: true
DEBUG - 2025-07-22 02:37:17 --> TamuFilter: Pengguna adalah tamu. Melanjutkan permintaan.
DEBUG - 2025-07-22 02:37:17 --> TamuController: checkRoomAvailability method triggered.
DEBUG - 2025-07-22 02:37:17 --> TamuController: checkRoomAvailability - Input: {"tgl_masuk":"2025-07-23","tgl_keluar":"2025-07-25","jumlah_tamu":"1"}
DEBUG - 2025-07-22 02:37:17 --> TamuController: checkRoomAvailability - Reserved IDs: ["2"]
DEBUG - 2025-07-22 02:37:17 --> TamuController: checkRoomAvailability - Found rooms: 1
DEBUG - 2025-07-22 02:37:18 --> Session: Class initialized using 'CodeIgniter\Session\Handlers\FileHandler' driver.
DEBUG - 2025-07-22 02:37:18 --> TamuFilter: Metode before dipicu untuk URI: http://localhost/hotel10/public/index.php/tamu/check-room-availability
DEBUG - 2025-07-22 02:37:18 --> TamuFilter: Peran sesi saat ini: tamu
DEBUG - 2025-07-22 02:37:18 --> TamuFilter: Status login: true
DEBUG - 2025-07-22 02:37:18 --> TamuFilter: Pengguna adalah tamu. Melanjutkan permintaan.
DEBUG - 2025-07-22 02:37:18 --> TamuController: checkRoomAvailability method triggered.
DEBUG - 2025-07-22 02:37:18 --> TamuController: checkRoomAvailability - Input: {"tgl_masuk":"2025-07-23","tgl_keluar":"2025-07-25","jumlah_tamu":"1"}
DEBUG - 2025-07-22 02:37:18 --> TamuController: checkRoomAvailability - Reserved IDs: ["2"]
DEBUG - 2025-07-22 02:37:18 --> TamuController: checkRoomAvailability - Found rooms: 1
DEBUG - 2025-07-22 02:37:18 --> Session: Class initialized using 'CodeIgniter\Session\Handlers\FileHandler' driver.
DEBUG - 2025-07-22 02:37:18 --> TamuFilter: Metode before dipicu untuk URI: http://localhost/hotel10/public/index.php/tamu/check-room-availability
DEBUG - 2025-07-22 02:37:18 --> TamuFilter: Peran sesi saat ini: tamu
DEBUG - 2025-07-22 02:37:18 --> TamuFilter: Status login: true
DEBUG - 2025-07-22 02:37:18 --> TamuFilter: Pengguna adalah tamu. Melanjutkan permintaan.
DEBUG - 2025-07-22 02:37:18 --> TamuController: checkRoomAvailability method triggered.
DEBUG - 2025-07-22 02:37:18 --> TamuController: checkRoomAvailability - Input: {"tgl_masuk":"2025-07-23","tgl_keluar":"2025-07-25","jumlah_tamu":"1"}
DEBUG - 2025-07-22 02:37:18 --> TamuController: checkRoomAvailability - Reserved IDs: ["2"]
DEBUG - 2025-07-22 02:37:18 --> TamuController: checkRoomAvailability - Found rooms: 1
DEBUG - 2025-07-22 02:37:19 --> Session: Class initialized using 'CodeIgniter\Session\Handlers\FileHandler' driver.
DEBUG - 2025-07-22 02:37:19 --> TamuFilter: Metode before dipicu untuk URI: http://localhost/hotel10/public/index.php/tamu/check-room-availability
DEBUG - 2025-07-22 02:37:19 --> TamuFilter: Peran sesi saat ini: tamu
DEBUG - 2025-07-22 02:37:19 --> TamuFilter: Status login: true
DEBUG - 2025-07-22 02:37:19 --> TamuFilter: Pengguna adalah tamu. Melanjutkan permintaan.
DEBUG - 2025-07-22 02:37:19 --> TamuController: checkRoomAvailability method triggered.
DEBUG - 2025-07-22 02:37:19 --> TamuController: checkRoomAvailability - Input: {"tgl_masuk":"2025-07-23","tgl_keluar":"2025-07-25","jumlah_tamu":"1"}
DEBUG - 2025-07-22 02:37:19 --> TamuController: checkRoomAvailability - Reserved IDs: ["2"]
DEBUG - 2025-07-22 02:37:19 --> TamuController: checkRoomAvailability - Found rooms: 1
DEBUG - 2025-07-22 02:37:22 --> Session: Class initialized using 'CodeIgniter\Session\Handlers\FileHandler' driver.
DEBUG - 2025-07-22 02:37:22 --> TamuFilter: Metode before dipicu untuk URI: http://localhost/hotel10/public/index.php/tamu/dashboard
DEBUG - 2025-07-22 02:37:22 --> TamuFilter: Peran sesi saat ini: tamu
DEBUG - 2025-07-22 02:37:22 --> TamuFilter: Status login: true
DEBUG - 2025-07-22 02:37:22 --> TamuFilter: Pengguna adalah tamu. Melanjutkan permintaan.
DEBUG - 2025-07-22 02:37:22 --> TamuController: index method triggered.
DEBUG - 2025-07-22 02:37:22 --> TamuController: Attempting to load tamu_dashboard view.
DEBUG - 2025-07-22 02:37:32 --> Session: Class initialized using 'CodeIgniter\Session\Handlers\FileHandler' driver.
DEBUG - 2025-07-22 02:37:32 --> TamuFilter: Metode before dipicu untuk URI: http://localhost/hotel10/public/index.php/tamu/check-room-availability
DEBUG - 2025-07-22 02:37:32 --> TamuFilter: Peran sesi saat ini: tamu
DEBUG - 2025-07-22 02:37:32 --> TamuFilter: Status login: true
DEBUG - 2025-07-22 02:37:32 --> TamuFilter: Pengguna adalah tamu. Melanjutkan permintaan.
DEBUG - 2025-07-22 02:37:32 --> TamuController: checkRoomAvailability method triggered.
DEBUG - 2025-07-22 02:37:32 --> TamuController: checkRoomAvailability - Input: {"tgl_masuk":"2025-07-23","tgl_keluar":"2025-07-25","jumlah_tamu":"1"}
DEBUG - 2025-07-22 02:37:32 --> TamuController: checkRoomAvailability - Reserved IDs: ["2"]
DEBUG - 2025-07-22 02:37:32 --> TamuController: checkRoomAvailability - Found rooms: 1
DEBUG - 2025-07-22 02:38:51 --> Session: Class initialized using 'CodeIgniter\Session\Handlers\FileHandler' driver.
DEBUG - 2025-07-22 02:38:51 --> TamuFilter: Metode before dipicu untuk URI: http://localhost/hotel10/public/index.php/tamu/dashboard
DEBUG - 2025-07-22 02:38:51 --> TamuFilter: Peran sesi saat ini: tamu
DEBUG - 2025-07-22 02:38:51 --> TamuFilter: Status login: true
DEBUG - 2025-07-22 02:38:51 --> TamuFilter: Pengguna adalah tamu. Melanjutkan permintaan.
DEBUG - 2025-07-22 02:38:51 --> TamuController: index method triggered.
DEBUG - 2025-07-22 02:38:51 --> TamuController: Attempting to load tamu_dashboard view.
DEBUG - 2025-07-22 02:39:04 --> Session: Class initialized using 'CodeIgniter\Session\Handlers\FileHandler' driver.
DEBUG - 2025-07-22 02:39:04 --> TamuFilter: Metode before dipicu untuk URI: http://localhost/hotel10/public/index.php/tamu/check-room-availability
DEBUG - 2025-07-22 02:39:04 --> TamuFilter: Peran sesi saat ini: tamu
DEBUG - 2025-07-22 02:39:04 --> TamuFilter: Status login: true
DEBUG - 2025-07-22 02:39:04 --> TamuFilter: Pengguna adalah tamu. Melanjutkan permintaan.
DEBUG - 2025-07-22 02:39:04 --> TamuController: checkRoomAvailability method triggered.
DEBUG - 2025-07-22 02:39:04 --> TamuController: checkRoomAvailability - Input: {"tgl_masuk":"2025-07-23","tgl_keluar":"2025-07-25","jumlah_tamu":"1"}
DEBUG - 2025-07-22 02:39:04 --> TamuController: checkRoomAvailability - Reserved IDs: ["2"]
DEBUG - 2025-07-22 02:39:04 --> TamuController: checkRoomAvailability - Found rooms: 2
DEBUG - 2025-07-22 02:43:26 --> Session: Class initialized using 'CodeIgniter\Session\Handlers\FileHandler' driver.
DEBUG - 2025-07-22 02:43:26 --> TamuFilter: Metode before dipicu untuk URI: http://localhost/hotel10/public/index.php/tamu/dashboard
DEBUG - 2025-07-22 02:43:26 --> TamuFilter: Peran sesi saat ini: tamu
DEBUG - 2025-07-22 02:43:26 --> TamuFilter: Status login: true
DEBUG - 2025-07-22 02:43:26 --> TamuFilter: Pengguna adalah tamu. Melanjutkan permintaan.
DEBUG - 2025-07-22 02:43:26 --> TamuController: index method triggered.
DEBUG - 2025-07-22 02:43:26 --> TamuController: Attempting to load tamu_dashboard view.
DEBUG - 2025-07-22 02:55:08 --> Session: Class initialized using 'CodeIgniter\Session\Handlers\FileHandler' driver.
DEBUG - 2025-07-22 02:55:08 --> TamuFilter: Metode before dipicu untuk URI: http://localhost/hotel10/public/index.php/tamu/dashboard
DEBUG - 2025-07-22 02:55:08 --> TamuFilter: Peran sesi saat ini: tamu
DEBUG - 2025-07-22 02:55:08 --> TamuFilter: Status login: true
DEBUG - 2025-07-22 02:55:08 --> TamuFilter: Pengguna adalah tamu. Melanjutkan permintaan.
DEBUG - 2025-07-22 02:55:08 --> TamuController: index method triggered.
DEBUG - 2025-07-22 02:55:08 --> TamuController: Attempting to load tamu_dashboard view.
DEBUG - 2025-07-22 02:55:35 --> Session: Class initialized using 'CodeIgniter\Session\Handlers\FileHandler' driver.
DEBUG - 2025-07-22 02:55:35 --> TamuFilter: Metode before dipicu untuk URI: http://localhost/hotel10/public/index.php/tamu/dashboard
DEBUG - 2025-07-22 02:55:35 --> TamuFilter: Peran sesi saat ini: tamu
DEBUG - 2025-07-22 02:55:35 --> TamuFilter: Status login: true
DEBUG - 2025-07-22 02:55:35 --> TamuFilter: Pengguna adalah tamu. Melanjutkan permintaan.
DEBUG - 2025-07-22 02:55:35 --> TamuController: index method triggered.
DEBUG - 2025-07-22 02:55:35 --> TamuController: Attempting to load tamu_dashboard view.
DEBUG - 2025-07-22 03:13:00 --> Session: Class initialized using 'CodeIgniter\Session\Handlers\FileHandler' driver.
DEBUG - 2025-07-22 03:13:00 --> TamuFilter: Metode before dipicu untuk URI: http://localhost/hotel10/public/index.php/tamu/dashboard
DEBUG - 2025-07-22 03:13:00 --> TamuFilter: Peran sesi saat ini: tamu
DEBUG - 2025-07-22 03:13:00 --> TamuFilter: Status login: true
DEBUG - 2025-07-22 03:13:00 --> TamuFilter: Pengguna adalah tamu. Melanjutkan permintaan.
DEBUG - 2025-07-22 03:13:00 --> TamuController: index method triggered.
DEBUG - 2025-07-22 03:13:00 --> TamuController: Attempting to load tamu_dashboard view.
DEBUG - 2025-07-22 03:20:55 --> Session: Class initialized using 'CodeIgniter\Session\Handlers\FileHandler' driver.
DEBUG - 2025-07-22 03:20:55 --> TamuFilter: Metode before dipicu untuk URI: http://localhost/hotel10/public/index.php/tamu/dashboard
DEBUG - 2025-07-22 03:20:55 --> TamuFilter: Peran sesi saat ini: tamu
DEBUG - 2025-07-22 03:20:55 --> TamuFilter: Status login: true
DEBUG - 2025-07-22 03:20:55 --> TamuFilter: Pengguna adalah tamu. Melanjutkan permintaan.
DEBUG - 2025-07-22 03:20:55 --> TamuController: index method triggered.
DEBUG - 2025-07-22 03:20:55 --> TamuController: Attempting to load tamu_dashboard view.
DEBUG - 2025-07-22 03:22:52 --> Session: Class initialized using 'CodeIgniter\Session\Handlers\FileHandler' driver.
DEBUG - 2025-07-22 03:22:52 --> TamuFilter: Metode before dipicu untuk URI: http://localhost/hotel10/public/index.php/tamu/dashboard
DEBUG - 2025-07-22 03:22:52 --> TamuFilter: Peran sesi saat ini: tamu
DEBUG - 2025-07-22 03:22:52 --> TamuFilter: Status login: true
DEBUG - 2025-07-22 03:22:52 --> TamuFilter: Pengguna adalah tamu. Melanjutkan permintaan.
DEBUG - 2025-07-22 03:22:52 --> TamuController: index method triggered.
DEBUG - 2025-07-22 03:22:52 --> TamuController: Attempting to load tamu_dashboard view.
DEBUG - 2025-07-22 03:23:05 --> Session: Class initialized using 'CodeIgniter\Session\Handlers\FileHandler' driver.
DEBUG - 2025-07-22 03:23:05 --> TamuFilter: Metode before dipicu untuk URI: http://localhost/hotel10/public/index.php/tamu/dashboard
DEBUG - 2025-07-22 03:23:05 --> TamuFilter: Peran sesi saat ini: tamu
DEBUG - 2025-07-22 03:23:05 --> TamuFilter: Status login: true
DEBUG - 2025-07-22 03:23:05 --> TamuFilter: Pengguna adalah tamu. Melanjutkan permintaan.
DEBUG - 2025-07-22 03:23:05 --> TamuController: index method triggered.
DEBUG - 2025-07-22 03:23:05 --> TamuController: Attempting to load tamu_dashboard view.
DEBUG - 2025-07-22 03:23:21 --> Session: Class initialized using 'CodeIgniter\Session\Handlers\FileHandler' driver.
DEBUG - 2025-07-22 03:23:21 --> TamuFilter: Metode before dipicu untuk URI: http://localhost/hotel10/public/index.php/tamu/dashboard
DEBUG - 2025-07-22 03:23:21 --> TamuFilter: Peran sesi saat ini: tamu
DEBUG - 2025-07-22 03:23:21 --> TamuFilter: Status login: true
DEBUG - 2025-07-22 03:23:21 --> TamuFilter: Pengguna adalah tamu. Melanjutkan permintaan.
DEBUG - 2025-07-22 03:23:21 --> TamuController: index method triggered.
DEBUG - 2025-07-22 03:23:21 --> TamuController: Attempting to load tamu_dashboard view.
DEBUG - 2025-07-22 03:32:52 --> Session: Class initialized using 'CodeIgniter\Session\Handlers\FileHandler' driver.
DEBUG - 2025-07-22 03:32:52 --> TamuFilter: Metode before dipicu untuk URI: http://localhost/hotel10/public/index.php/tamu/dashboard
DEBUG - 2025-07-22 03:32:52 --> TamuFilter: Peran sesi saat ini: tamu
DEBUG - 2025-07-22 03:32:52 --> TamuFilter: Status login: true
DEBUG - 2025-07-22 03:32:52 --> TamuFilter: Pengguna adalah tamu. Melanjutkan permintaan.
DEBUG - 2025-07-22 03:32:52 --> TamuController: index method triggered.
DEBUG - 2025-07-22 03:32:52 --> TamuController: Attempting to load tamu_dashboard view.
DEBUG - 2025-07-22 03:34:07 --> Session: Class initialized using 'CodeIgniter\Session\Handlers\FileHandler' driver.
DEBUG - 2025-07-22 03:34:07 --> TamuFilter: Metode before dipicu untuk URI: http://localhost/hotel10/public/index.php/tamu/dashboard
DEBUG - 2025-07-22 03:34:07 --> TamuFilter: Peran sesi saat ini: tamu
DEBUG - 2025-07-22 03:34:07 --> TamuFilter: Status login: true
DEBUG - 2025-07-22 03:34:07 --> TamuFilter: Pengguna adalah tamu. Melanjutkan permintaan.
DEBUG - 2025-07-22 03:34:07 --> TamuController: index method triggered.
DEBUG - 2025-07-22 03:34:07 --> TamuController: Attempting to load tamu_dashboard view.
DEBUG - 2025-07-22 04:09:34 --> Session: Class initialized using 'CodeIgniter\Session\Handlers\FileHandler' driver.
DEBUG - 2025-07-22 04:09:34 --> TamuFilter: Metode before dipicu untuk URI: http://localhost/hotel10/public/index.php/tamu/dashboard
DEBUG - 2025-07-22 04:09:34 --> TamuFilter: Peran sesi saat ini: tamu
DEBUG - 2025-07-22 04:09:34 --> TamuFilter: Status login: true
DEBUG - 2025-07-22 04:09:34 --> TamuFilter: Pengguna adalah tamu. Melanjutkan permintaan.
DEBUG - 2025-07-22 04:09:35 --> TamuController: index method triggered.
DEBUG - 2025-07-22 04:09:35 --> TamuController: Attempting to load tamu_dashboard view.
DEBUG - 2025-07-22 04:11:20 --> Session: Class initialized using 'CodeIgniter\Session\Handlers\FileHandler' driver.
DEBUG - 2025-07-22 04:11:20 --> TamuFilter: Metode before dipicu untuk URI: http://localhost/hotel10/public/index.php/tamu/dashboard
DEBUG - 2025-07-22 04:11:20 --> TamuFilter: Peran sesi saat ini: tamu
DEBUG - 2025-07-22 04:11:20 --> TamuFilter: Status login: true
DEBUG - 2025-07-22 04:11:20 --> TamuFilter: Pengguna adalah tamu. Melanjutkan permintaan.
DEBUG - 2025-07-22 04:11:20 --> TamuController: index method triggered.
DEBUG - 2025-07-22 04:11:20 --> TamuController: Attempting to load tamu_dashboard view.
DEBUG - 2025-07-22 04:11:37 --> Session: Class initialized using 'CodeIgniter\Session\Handlers\FileHandler' driver.
DEBUG - 2025-07-22 04:11:37 --> TamuFilter: Metode before dipicu untuk URI: http://localhost/hotel10/public/index.php/tamu/check-room-availability
DEBUG - 2025-07-22 04:11:37 --> TamuFilter: Peran sesi saat ini: tamu
DEBUG - 2025-07-22 04:11:37 --> TamuFilter: Status login: true
DEBUG - 2025-07-22 04:11:37 --> TamuFilter: Pengguna adalah tamu. Melanjutkan permintaan.
DEBUG - 2025-07-22 04:11:37 --> TamuController: checkRoomAvailability method triggered.
DEBUG - 2025-07-22 04:11:37 --> TamuController: checkRoomAvailability - Input: {"tgl_masuk":"2025-07-22","tgl_keluar":"2025-07-24","jumlah_tamu":"1"}
DEBUG - 2025-07-22 04:11:38 --> TamuController: checkRoomAvailability - Reserved IDs: ["2"]
DEBUG - 2025-07-22 04:11:38 --> TamuController: checkRoomAvailability - Found rooms: 2
DEBUG - 2025-07-22 04:14:38 --> Session: Class initialized using 'CodeIgniter\Session\Handlers\FileHandler' driver.
DEBUG - 2025-07-22 04:14:38 --> TamuFilter: Metode before dipicu untuk URI: http://localhost/hotel10/public/index.php/tamu/create-reservation
DEBUG - 2025-07-22 04:14:38 --> TamuFilter: Peran sesi saat ini: tamu
DEBUG - 2025-07-22 04:14:38 --> TamuFilter: Status login: true
DEBUG - 2025-07-22 04:14:38 --> TamuFilter: Pengguna adalah tamu. Melanjutkan permintaan.
DEBUG - 2025-07-22 04:14:38 --> TamuController: createReservation method triggered.
DEBUG - 2025-07-22 04:14:38 --> TamuController: createReservation - Input: {"id_unit_kamar":"3","tgl_masuk":"2025-07-22","tgl_keluar":"2025-07-24","harga_kamar":900000}
DEBUG - 2025-07-22 04:14:38 --> TamuController: createReservation - Total price: 1800000 for 2 nights.
DEBUG - 2025-07-22 04:14:38 --> TamuController: createReservation - Reservation successful. ID: 5
DEBUG - 2025-07-22 04:14:40 --> Session: Class initialized using 'CodeIgniter\Session\Handlers\FileHandler' driver.
DEBUG - 2025-07-22 04:14:40 --> TamuFilter: Metode before dipicu untuk URI: http://localhost/hotel10/public/index.php/tamu/dashboard
DEBUG - 2025-07-22 04:14:40 --> TamuFilter: Peran sesi saat ini: tamu
DEBUG - 2025-07-22 04:14:40 --> TamuFilter: Status login: true
DEBUG - 2025-07-22 04:14:40 --> TamuFilter: Pengguna adalah tamu. Melanjutkan permintaan.
DEBUG - 2025-07-22 04:14:40 --> TamuController: index method triggered.
DEBUG - 2025-07-22 04:14:40 --> TamuController: Attempting to load tamu_dashboard view.
DEBUG - 2025-07-22 04:14:58 --> Session: Class initialized using 'CodeIgniter\Session\Handlers\FileHandler' driver.
DEBUG - 2025-07-22 04:14:58 --> TamuFilter: Metode before dipicu untuk URI: http://localhost/hotel10/public/index.php/tamu/check-room-availability
DEBUG - 2025-07-22 04:14:58 --> TamuFilter: Peran sesi saat ini: tamu
DEBUG - 2025-07-22 04:14:58 --> TamuFilter: Status login: true
DEBUG - 2025-07-22 04:14:58 --> TamuFilter: Pengguna adalah tamu. Melanjutkan permintaan.
DEBUG - 2025-07-22 04:14:58 --> TamuController: checkRoomAvailability method triggered.
DEBUG - 2025-07-22 04:14:58 --> TamuController: checkRoomAvailability - Input: {"tgl_masuk":"2025-07-22","tgl_keluar":"2025-07-24","jumlah_tamu":"1"}
DEBUG - 2025-07-22 04:14:59 --> TamuController: checkRoomAvailability - Reserved IDs: ["2","3"]
DEBUG - 2025-07-22 04:14:59 --> TamuController: checkRoomAvailability - Found rooms: 1
DEBUG - 2025-07-22 04:15:07 --> Session: Class initialized using 'CodeIgniter\Session\Handlers\FileHandler' driver.
DEBUG - 2025-07-22 04:15:07 --> TamuFilter: Metode before dipicu untuk URI: http://localhost/hotel10/public/index.php/tamu/check-room-availability
DEBUG - 2025-07-22 04:15:07 --> TamuFilter: Peran sesi saat ini: tamu
DEBUG - 2025-07-22 04:15:07 --> TamuFilter: Status login: true
DEBUG - 2025-07-22 04:15:07 --> TamuFilter: Pengguna adalah tamu. Melanjutkan permintaan.
DEBUG - 2025-07-22 04:15:07 --> TamuController: checkRoomAvailability method triggered.
DEBUG - 2025-07-22 04:15:07 --> TamuController: checkRoomAvailability - Input: {"tgl_masuk":"2025-07-25","tgl_keluar":"2025-07-26","jumlah_tamu":"1"}
DEBUG - 2025-07-22 04:15:07 --> TamuController: checkRoomAvailability - Reserved IDs: []
DEBUG - 2025-07-22 04:15:07 --> TamuController: checkRoomAvailability - Found rooms: 3
DEBUG - 2025-07-22 04:15:33 --> Session: Class initialized using 'CodeIgniter\Session\Handlers\FileHandler' driver.
DEBUG - 2025-07-22 04:15:33 --> TamuFilter: Metode before dipicu untuk URI: http://localhost/hotel10/public/index.php/tamu/check-room-availability
DEBUG - 2025-07-22 04:15:33 --> TamuFilter: Peran sesi saat ini: tamu
DEBUG - 2025-07-22 04:15:33 --> TamuFilter: Status login: true
DEBUG - 2025-07-22 04:15:33 --> TamuFilter: Pengguna adalah tamu. Melanjutkan permintaan.
DEBUG - 2025-07-22 04:15:33 --> TamuController: checkRoomAvailability method triggered.
DEBUG - 2025-07-22 04:15:33 --> TamuController: checkRoomAvailability - Input: {"tgl_masuk":"2025-07-22","tgl_keluar":"2025-07-24","jumlah_tamu":"1"}
DEBUG - 2025-07-22 04:15:33 --> TamuController: checkRoomAvailability - Reserved IDs: ["2","3"]
DEBUG - 2025-07-22 04:15:33 --> TamuController: checkRoomAvailability - Found rooms: 1
DEBUG - 2025-07-22 04:15:52 --> Session: Class initialized using 'CodeIgniter\Session\Handlers\FileHandler' driver.
DEBUG - 2025-07-22 04:15:52 --> TamuFilter: Metode before dipicu untuk URI: http://localhost/hotel10/public/index.php/tamu/check-room-availability
DEBUG - 2025-07-22 04:15:52 --> TamuFilter: Peran sesi saat ini: tamu
DEBUG - 2025-07-22 04:15:52 --> TamuFilter: Status login: true
DEBUG - 2025-07-22 04:15:52 --> TamuFilter: Pengguna adalah tamu. Melanjutkan permintaan.
DEBUG - 2025-07-22 04:15:52 --> TamuController: checkRoomAvailability method triggered.
DEBUG - 2025-07-22 04:15:52 --> TamuController: checkRoomAvailability - Input: {"tgl_masuk":"2025-07-23","tgl_keluar":"2025-07-27","jumlah_tamu":"1"}
DEBUG - 2025-07-22 04:15:52 --> TamuController: checkRoomAvailability - Reserved IDs: ["2","3"]
DEBUG - 2025-07-22 04:15:52 --> TamuController: checkRoomAvailability - Found rooms: 1
DEBUG - 2025-07-22 04:16:03 --> Session: Class initialized using 'CodeIgniter\Session\Handlers\FileHandler' driver.
DEBUG - 2025-07-22 04:16:03 --> TamuFilter: Metode before dipicu untuk URI: http://localhost/hotel10/public/index.php/tamu/check-room-availability
DEBUG - 2025-07-22 04:16:03 --> TamuFilter: Peran sesi saat ini: tamu
DEBUG - 2025-07-22 04:16:03 --> TamuFilter: Status login: true
DEBUG - 2025-07-22 04:16:03 --> TamuFilter: Pengguna adalah tamu. Melanjutkan permintaan.
DEBUG - 2025-07-22 04:16:03 --> TamuController: checkRoomAvailability method triggered.
DEBUG - 2025-07-22 04:16:03 --> TamuController: checkRoomAvailability - Input: {"tgl_masuk":"2025-07-24","tgl_keluar":"2025-07-27","jumlah_tamu":"1"}
DEBUG - 2025-07-22 04:16:03 --> TamuController: checkRoomAvailability - Reserved IDs: ["2"]
DEBUG - 2025-07-22 04:16:03 --> TamuController: checkRoomAvailability - Found rooms: 2
DEBUG - 2025-07-22 04:16:23 --> User logged out. Session destroyed.
DEBUG - 2025-07-22 04:16:23 --> Session: Class initialized using 'CodeIgniter\Session\Handlers\FileHandler' driver.
DEBUG - 2025-07-22 04:16:25 --> Session: Class initialized using 'CodeIgniter\Session\Handlers\FileHandler' driver.
DEBUG - 2025-07-22 04:16:39 --> Session: Class initialized using 'CodeIgniter\Session\Handlers\FileHandler' driver.
DEBUG - 2025-07-22 04:16:39 --> Admin login successful for email: man@mail.com
DEBUG - 2025-07-22 04:16:39 --> Session: Class initialized using 'CodeIgniter\Session\Handlers\FileHandler' driver.
DEBUG - 2025-07-22 04:16:59 --> Session: Class initialized using 'CodeIgniter\Session\Handlers\FileHandler' driver.
DEBUG - 2025-07-22 04:17:03 --> Session: Class initialized using 'CodeIgniter\Session\Handlers\FileHandler' driver.
DEBUG - 2025-07-22 04:18:14 --> Session: Class initialized using 'CodeIgniter\Session\Handlers\FileHandler' driver.
DEBUG - 2025-07-22 04:18:15 --> Session: Class initialized using 'CodeIgniter\Session\Handlers\FileHandler' driver.
DEBUG - 2025-07-22 04:18:19 --> Session: Class initialized using 'CodeIgniter\Session\Handlers\FileHandler' driver.
DEBUG - 2025-07-22 04:18:25 --> Session: Class initialized using 'CodeIgniter\Session\Handlers\FileHandler' driver.
DEBUG - 2025-07-22 04:18:25 --> Session: Class initialized using 'CodeIgniter\Session\Handlers\FileHandler' driver.
DEBUG - 2025-07-22 04:18:32 --> Session: Class initialized using 'CodeIgniter\Session\Handlers\FileHandler' driver.
DEBUG - 2025-07-22 04:18:42 --> User logged out. Session destroyed.
DEBUG - 2025-07-22 04:18:42 --> Session: Class initialized using 'CodeIgniter\Session\Handlers\FileHandler' driver.
DEBUG - 2025-07-22 04:18:42 --> Session: Class initialized using 'CodeIgniter\Session\Handlers\FileHandler' driver.
DEBUG - 2025-07-22 04:18:53 --> Login failed for email: satria@mail.com. Invalid credentials.
DEBUG - 2025-07-22 04:18:53 --> Session: Class initialized using 'CodeIgniter\Session\Handlers\FileHandler' driver.
DEBUG - 2025-07-22 04:18:54 --> Session: Class initialized using 'CodeIgniter\Session\Handlers\FileHandler' driver.
DEBUG - 2025-07-22 04:19:03 --> Session: Class initialized using 'CodeIgniter\Session\Handlers\FileHandler' driver.
DEBUG - 2025-07-22 04:19:03 --> Tamu login successful for email: satria@mail.com. Session data set: {"__ci_last_regenerate":1753157922,"_ci_previous_url":"http:\/\/localhost\/hotel10\/public\/index.php\/login","id_tamu":"5","nama":"satria ","email":"satria@mail.com","isLoggedIn":true,"role":"tamu"}
DEBUG - 2025-07-22 04:19:03 --> Session: Class initialized using 'CodeIgniter\Session\Handlers\FileHandler' driver.
DEBUG - 2025-07-22 04:19:03 --> TamuFilter: Metode before dipicu untuk URI: http://localhost/hotel10/public/index.php/tamu/dashboard
DEBUG - 2025-07-22 04:19:03 --> TamuFilter: Peran sesi saat ini: tamu
DEBUG - 2025-07-22 04:19:03 --> TamuFilter: Status login: true
DEBUG - 2025-07-22 04:19:03 --> TamuFilter: Pengguna adalah tamu. Melanjutkan permintaan.
DEBUG - 2025-07-22 04:19:03 --> TamuController: index method triggered.
DEBUG - 2025-07-22 04:19:03 --> TamuController: Attempting to load tamu_dashboard view.
DEBUG - 2025-07-22 04:29:33 --> Session: Class initialized using 'CodeIgniter\Session\Handlers\FileHandler' driver.
DEBUG - 2025-07-22 04:29:33 --> TamuFilter: Metode before dipicu untuk URI: http://localhost/hotel10/public/index.php/tamu/riwayat-reservasi
DEBUG - 2025-07-22 04:29:33 --> TamuFilter: Peran sesi saat ini: tamu
DEBUG - 2025-07-22 04:29:33 --> TamuFilter: Status login: true
DEBUG - 2025-07-22 04:29:33 --> TamuFilter: Pengguna adalah tamu. Melanjutkan permintaan.
DEBUG - 2025-07-22 04:29:33 --> TamuController: riwayatReservasi method triggered.
DEBUG - 2025-07-22 04:29:33 --> TamuController: Loading tamu_riwayat view.
CRITICAL - 2025-07-22 04:29:34 --> CodeIgniter\View\Exceptions\ViewException: Invalid file: "tamu_riwayat.php"
[Method: GET, Route: tamu/riwayat-reservasi]
in SYSTEMPATH\Exceptions\FrameworkException.php on line 39.
 1 SYSTEMPATH\View\View.php(212): CodeIgniter\Exceptions\FrameworkException::forInvalidFile('tamu_riwayat.php')
 2 SYSTEMPATH\Common.php(1173): CodeIgniter\View\View->render('tamu_riwayat', [], true)
 3 APPPATH\Controllers\TamuController.php(236): view('tamu_riwayat', [...])
 4 SYSTEMPATH\CodeIgniter.php(933): App\Controllers\TamuController->riwayatReservasi()
 5 SYSTEMPATH\CodeIgniter.php(507): CodeIgniter\CodeIgniter->runController(Object(App\Controllers\TamuController))
 6 SYSTEMPATH\CodeIgniter.php(354): CodeIgniter\CodeIgniter->handleRequest(null, Object(Config\Cache), false)
 7 SYSTEMPATH\Boot.php(334): CodeIgniter\CodeIgniter->run()
 8 SYSTEMPATH\Boot.php(67): CodeIgniter\Boot::runCodeIgniter(Object(CodeIgniter\CodeIgniter))
 9 FCPATH\index.php(59): CodeIgniter\Boot::bootWeb(Object(Config\Paths))
DEBUG - 2025-07-22 04:34:17 --> Session: Class initialized using 'CodeIgniter\Session\Handlers\FileHandler' driver.
DEBUG - 2025-07-22 04:34:17 --> TamuFilter: Metode before dipicu untuk URI: http://localhost/hotel10/public/index.php/tamu/dashboard
DEBUG - 2025-07-22 04:34:17 --> TamuFilter: Peran sesi saat ini: tamu
DEBUG - 2025-07-22 04:34:17 --> TamuFilter: Status login: true
DEBUG - 2025-07-22 04:34:17 --> TamuFilter: Pengguna adalah tamu. Melanjutkan permintaan.
DEBUG - 2025-07-22 04:34:18 --> TamuController: index method triggered.
DEBUG - 2025-07-22 04:34:18 --> TamuController: Attempting to load tamu_dashboard view.
DEBUG - 2025-07-22 04:45:12 --> Session: Class initialized using 'CodeIgniter\Session\Handlers\FileHandler' driver.
DEBUG - 2025-07-22 04:45:12 --> TamuFilter: Metode before dipicu untuk URI: http://localhost/hotel10/public/index.php/tamu/dashboard
DEBUG - 2025-07-22 04:45:12 --> TamuFilter: Peran sesi saat ini: tamu
DEBUG - 2025-07-22 04:45:12 --> TamuFilter: Status login: true
DEBUG - 2025-07-22 04:45:12 --> TamuFilter: Pengguna adalah tamu. Melanjutkan permintaan.
DEBUG - 2025-07-22 04:45:12 --> TamuController: index method triggered.
DEBUG - 2025-07-22 04:45:12 --> TamuController: Attempting to load tamu_dashboard view.
DEBUG - 2025-07-22 04:45:31 --> Session: Class initialized using 'CodeIgniter\Session\Handlers\FileHandler' driver.
DEBUG - 2025-07-22 04:45:31 --> TamuFilter: Metode before dipicu untuk URI: http://localhost/hotel10/public/index.php/tamu/riwayat-reservasi
DEBUG - 2025-07-22 04:45:32 --> TamuFilter: Peran sesi saat ini: tamu
DEBUG - 2025-07-22 04:45:32 --> TamuFilter: Status login: true
DEBUG - 2025-07-22 04:45:32 --> TamuFilter: Pengguna adalah tamu. Melanjutkan permintaan.
DEBUG - 2025-07-22 04:45:32 --> TamuController: riwayatReservasi method triggered.
DEBUG - 2025-07-22 04:45:32 --> TamuController: Loading tamu_riwayat view.
CRITICAL - 2025-07-22 04:45:32 --> CodeIgniter\View\Exceptions\ViewException: Invalid file: "tamu_riwayat.php"
[Method: GET, Route: tamu/riwayat-reservasi]
in SYSTEMPATH\Exceptions\FrameworkException.php on line 39.
 1 SYSTEMPATH\View\View.php(212): CodeIgniter\Exceptions\FrameworkException::forInvalidFile('tamu_riwayat.php')
 2 SYSTEMPATH\Common.php(1173): CodeIgniter\View\View->render('tamu_riwayat', [], true)
 3 APPPATH\Controllers\TamuController.php(236): view('tamu_riwayat', [...])
 4 SYSTEMPATH\CodeIgniter.php(933): App\Controllers\TamuController->riwayatReservasi()
 5 SYSTEMPATH\CodeIgniter.php(507): CodeIgniter\CodeIgniter->runController(Object(App\Controllers\TamuController))
 6 SYSTEMPATH\CodeIgniter.php(354): CodeIgniter\CodeIgniter->handleRequest(null, Object(Config\Cache), false)
 7 SYSTEMPATH\Boot.php(334): CodeIgniter\CodeIgniter->run()
 8 SYSTEMPATH\Boot.php(67): CodeIgniter\Boot::runCodeIgniter(Object(CodeIgniter\CodeIgniter))
 9 FCPATH\index.php(59): CodeIgniter\Boot::bootWeb(Object(Config\Paths))
DEBUG - 2025-07-22 04:46:59 --> Session: Class initialized using 'CodeIgniter\Session\Handlers\FileHandler' driver.
DEBUG - 2025-07-22 04:46:59 --> TamuFilter: Metode before dipicu untuk URI: http://localhost/hotel10/public/index.php/tamu/riwayat-reservasi
DEBUG - 2025-07-22 04:46:59 --> TamuFilter: Peran sesi saat ini: tamu
DEBUG - 2025-07-22 04:46:59 --> TamuFilter: Status login: true
DEBUG - 2025-07-22 04:46:59 --> TamuFilter: Pengguna adalah tamu. Melanjutkan permintaan.
DEBUG - 2025-07-22 04:46:59 --> TamuController: riwayatReservasi method triggered.
DEBUG - 2025-07-22 04:46:59 --> TamuController: Loading tamu_riwayat view.
CRITICAL - 2025-07-22 04:46:59 --> CodeIgniter\View\Exceptions\ViewException: Invalid file: "tamu_riwayat.php"
[Method: GET, Route: tamu/riwayat-reservasi]
in SYSTEMPATH\Exceptions\FrameworkException.php on line 39.
 1 SYSTEMPATH\View\View.php(212): CodeIgniter\Exceptions\FrameworkException::forInvalidFile('tamu_riwayat.php')
 2 SYSTEMPATH\Common.php(1173): CodeIgniter\View\View->render('tamu_riwayat', [], true)
 3 APPPATH\Controllers\TamuController.php(236): view('tamu_riwayat', [...])
 4 SYSTEMPATH\CodeIgniter.php(933): App\Controllers\TamuController->riwayatReservasi()
 5 SYSTEMPATH\CodeIgniter.php(507): CodeIgniter\CodeIgniter->runController(Object(App\Controllers\TamuController))
 6 SYSTEMPATH\CodeIgniter.php(354): CodeIgniter\CodeIgniter->handleRequest(null, Object(Config\Cache), false)
 7 SYSTEMPATH\Boot.php(334): CodeIgniter\CodeIgniter->run()
 8 SYSTEMPATH\Boot.php(67): CodeIgniter\Boot::runCodeIgniter(Object(CodeIgniter\CodeIgniter))
 9 FCPATH\index.php(59): CodeIgniter\Boot::bootWeb(Object(Config\Paths))
DEBUG - 2025-07-22 04:47:00 --> Session: Class initialized using 'CodeIgniter\Session\Handlers\FileHandler' driver.
DEBUG - 2025-07-22 04:47:00 --> TamuFilter: Metode before dipicu untuk URI: http://localhost/hotel10/public/index.php/tamu/dashboard
DEBUG - 2025-07-22 04:47:00 --> TamuFilter: Peran sesi saat ini: tamu
DEBUG - 2025-07-22 04:47:00 --> TamuFilter: Status login: true
DEBUG - 2025-07-22 04:47:00 --> TamuFilter: Pengguna adalah tamu. Melanjutkan permintaan.
DEBUG - 2025-07-22 04:47:00 --> TamuController: index method triggered.
DEBUG - 2025-07-22 04:47:00 --> TamuController: Attempting to load tamu_dashboard view.
DEBUG - 2025-07-22 04:47:06 --> Session: Class initialized using 'CodeIgniter\Session\Handlers\FileHandler' driver.
