DEBUG - 2025-07-18 07:36:14 --> Session: Class initialized using 'CodeIgniter\Session\Handlers\FileHandler' driver.
DEBUG - 2025-07-18 07:36:14 --> TamuFilter: Metode before dipicu untuk URI: http://localhost/hotel10/public/index.php/tamu/dashboard
DEBUG - 2025-07-18 07:36:14 --> TamuFilter: Peran sesi saat ini: tamu
DEBUG - 2025-07-18 07:36:14 --> TamuFilter: Status login: true
DEBUG - 2025-07-18 07:36:14 --> TamuFilter: Pengguna adalah tamu. Melanjutkan permintaan.
DEBUG - 2025-07-18 07:36:14 --> TamuController: index method triggered.
DEBUG - 2025-07-18 07:36:14 --> TamuController: Attempting to load tamu_dashboard view.
DEBUG - 2025-07-18 07:36:23 --> Session: Class initialized using 'CodeIgniter\Session\Handlers\FileHandler' driver.
DEBUG - 2025-07-18 07:36:23 --> TamuFilter: Metode before dipicu untuk URI: http://localhost/hotel10/public/index.php/tamu/dashboard
DEBUG - 2025-07-18 07:36:23 --> TamuFilter: Peran sesi saat ini: tamu
DEBUG - 2025-07-18 07:36:23 --> TamuFilter: Status login: true
DEBUG - 2025-07-18 07:36:23 --> TamuFilter: Pengguna adalah tamu. Melanjutkan permintaan.
DEBUG - 2025-07-18 07:36:23 --> TamuController: index method triggered.
DEBUG - 2025-07-18 07:36:23 --> TamuController: Attempting to load tamu_dashboard view.
DEBUG - 2025-07-18 07:36:28 --> Session: Class initialized using 'CodeIgniter\Session\Handlers\FileHandler' driver.
DEBUG - 2025-07-18 07:36:28 --> TamuFilter: Metode before dipicu untuk URI: http://localhost/hotel10/public/index.php/tamu/profil
DEBUG - 2025-07-18 07:36:28 --> TamuFilter: Peran sesi saat ini: tamu
DEBUG - 2025-07-18 07:36:28 --> TamuFilter: Status login: true
DEBUG - 2025-07-18 07:36:28 --> TamuFilter: Pengguna adalah tamu. Melanjutkan permintaan.
DEBUG - 2025-07-18 07:36:28 --> TamuController: editProfil method triggered.
DEBUG - 2025-07-18 07:36:29 --> TamuController: Loading tamu_edit_profil view.
DEBUG - 2025-07-18 07:37:14 --> Session: Class initialized using 'CodeIgniter\Session\Handlers\FileHandler' driver.
DEBUG - 2025-07-18 07:37:14 --> TamuFilter: Metode before dipicu untuk URI: http://localhost/hotel10/public/index.php/tamu/profil
DEBUG - 2025-07-18 07:37:14 --> TamuFilter: Peran sesi saat ini: tamu
DEBUG - 2025-07-18 07:37:14 --> TamuFilter: Status login: true
DEBUG - 2025-07-18 07:37:14 --> TamuFilter: Pengguna adalah tamu. Melanjutkan permintaan.
DEBUG - 2025-07-18 07:37:14 --> Session: Class initialized using 'CodeIgniter\Session\Handlers\FileHandler' driver.
DEBUG - 2025-07-18 07:37:14 --> TamuFilter: Metode before dipicu untuk URI: http://localhost/hotel10/public/index.php/tamu/profil
DEBUG - 2025-07-18 07:37:14 --> TamuFilter: Peran sesi saat ini: tamu
DEBUG - 2025-07-18 07:37:14 --> TamuFilter: Status login: true
DEBUG - 2025-07-18 07:37:14 --> TamuFilter: Pengguna adalah tamu. Melanjutkan permintaan.
DEBUG - 2025-07-18 07:37:14 --> TamuController: editProfil method triggered.
DEBUG - 2025-07-18 07:37:14 --> TamuController: Loading tamu_edit_profil view.
DEBUG - 2025-07-18 07:37:22 --> Session: Class initialized using 'CodeIgniter\Session\Handlers\FileHandler' driver.
DEBUG - 2025-07-18 07:37:22 --> TamuFilter: Metode before dipicu untuk URI: http://localhost/hotel10/public/index.php/tamu/profil
DEBUG - 2025-07-18 07:37:22 --> TamuFilter: Peran sesi saat ini: tamu
DEBUG - 2025-07-18 07:37:22 --> TamuFilter: Status login: true
DEBUG - 2025-07-18 07:37:22 --> TamuFilter: Pengguna adalah tamu. Melanjutkan permintaan.
DEBUG - 2025-07-18 07:37:23 --> Session: Class initialized using 'CodeIgniter\Session\Handlers\FileHandler' driver.
DEBUG - 2025-07-18 07:37:23 --> TamuFilter: Metode before dipicu untuk URI: http://localhost/hotel10/public/index.php/tamu/dashboard
DEBUG - 2025-07-18 07:37:23 --> TamuFilter: Peran sesi saat ini: tamu
DEBUG - 2025-07-18 07:37:23 --> TamuFilter: Status login: true
DEBUG - 2025-07-18 07:37:23 --> TamuFilter: Pengguna adalah tamu. Melanjutkan permintaan.
DEBUG - 2025-07-18 07:37:23 --> TamuController: index method triggered.
DEBUG - 2025-07-18 07:37:23 --> TamuController: Attempting to load tamu_dashboard view.
DEBUG - 2025-07-18 07:59:35 --> Session: Class initialized using 'CodeIgniter\Session\Handlers\FileHandler' driver.
DEBUG - 2025-07-18 07:59:35 --> TamuFilter: Metode before dipicu untuk URI: http://localhost/hotel10/public/index.php/tamu/dashboard
DEBUG - 2025-07-18 07:59:35 --> TamuFilter: Peran sesi saat ini: tamu
DEBUG - 2025-07-18 07:59:35 --> TamuFilter: Status login: true
DEBUG - 2025-07-18 07:59:35 --> TamuFilter: Pengguna adalah tamu. Melanjutkan permintaan.
DEBUG - 2025-07-18 07:59:35 --> TamuController: index method triggered.
DEBUG - 2025-07-18 07:59:35 --> TamuController: Attempting to load tamu_dashboard view.
DEBUG - 2025-07-18 08:21:20 --> Session: Class initialized using 'CodeIgniter\Session\Handlers\FileHandler' driver.
DEBUG - 2025-07-18 08:21:20 --> TamuFilter: Metode before dipicu untuk URI: http://localhost/hotel10/public/index.php/tamu/dashboard
DEBUG - 2025-07-18 08:21:20 --> TamuFilter: Peran sesi saat ini: tamu
DEBUG - 2025-07-18 08:21:20 --> TamuFilter: Status login: true
DEBUG - 2025-07-18 08:21:20 --> TamuFilter: Pengguna adalah tamu. Melanjutkan permintaan.
DEBUG - 2025-07-18 08:21:20 --> TamuController: index method triggered.
DEBUG - 2025-07-18 08:21:20 --> TamuController: Attempting to load tamu_dashboard view.
DEBUG - 2025-07-18 08:21:53 --> Session: Class initialized using 'CodeIgniter\Session\Handlers\FileHandler' driver.
DEBUG - 2025-07-18 08:21:53 --> TamuFilter: Metode before dipicu untuk URI: http://localhost/hotel10/public/index.php/tamu/check-room-availability
DEBUG - 2025-07-18 08:21:53 --> TamuFilter: Peran sesi saat ini: tamu
DEBUG - 2025-07-18 08:21:53 --> TamuFilter: Status login: true
DEBUG - 2025-07-18 08:21:53 --> TamuFilter: Pengguna adalah tamu. Melanjutkan permintaan.
DEBUG - 2025-07-18 08:21:53 --> TamuController: checkRoomAvailability method triggered.
DEBUG - 2025-07-18 08:21:53 --> TamuController: checkRoomAvailability - Input: {"tgl_masuk":"2025-07-19","tgl_keluar":"2025-07-22","jumlah_tamu":"3"}
DEBUG - 2025-07-18 08:21:53 --> TamuController: checkRoomAvailability - Reserved IDs: []
DEBUG - 2025-07-18 08:21:53 --> TamuController: checkRoomAvailability - Found rooms: 1
DEBUG - 2025-07-18 08:22:11 --> Session: Class initialized using 'CodeIgniter\Session\Handlers\FileHandler' driver.
DEBUG - 2025-07-18 08:22:11 --> TamuFilter: Metode before dipicu untuk URI: http://localhost/hotel10/public/index.php/tamu/check-room-availability
DEBUG - 2025-07-18 08:22:11 --> TamuFilter: Peran sesi saat ini: tamu
DEBUG - 2025-07-18 08:22:11 --> TamuFilter: Status login: true
DEBUG - 2025-07-18 08:22:11 --> TamuFilter: Pengguna adalah tamu. Melanjutkan permintaan.
DEBUG - 2025-07-18 08:22:11 --> TamuController: checkRoomAvailability method triggered.
DEBUG - 2025-07-18 08:22:11 --> TamuController: checkRoomAvailability - Input: {"tgl_masuk":"2025-07-19","tgl_keluar":"2025-07-22","jumlah_tamu":"2"}
DEBUG - 2025-07-18 08:22:11 --> TamuController: checkRoomAvailability - Reserved IDs: []
DEBUG - 2025-07-18 08:22:11 --> TamuController: checkRoomAvailability - Found rooms: 6
DEBUG - 2025-07-18 08:23:17 --> Session: Class initialized using 'CodeIgniter\Session\Handlers\FileHandler' driver.
DEBUG - 2025-07-18 08:23:17 --> TamuFilter: Metode before dipicu untuk URI: http://localhost/hotel10/public/index.php/tamu/dashboard
DEBUG - 2025-07-18 08:23:17 --> TamuFilter: Peran sesi saat ini: tamu
DEBUG - 2025-07-18 08:23:17 --> TamuFilter: Status login: true
DEBUG - 2025-07-18 08:23:17 --> TamuFilter: Pengguna adalah tamu. Melanjutkan permintaan.
DEBUG - 2025-07-18 08:23:17 --> TamuController: index method triggered.
DEBUG - 2025-07-18 08:23:17 --> TamuController: Attempting to load tamu_dashboard view.
DEBUG - 2025-07-18 08:37:30 --> Session: Class initialized using 'CodeIgniter\Session\Handlers\FileHandler' driver.
DEBUG - 2025-07-18 08:37:30 --> TamuFilter: Metode before dipicu untuk URI: http://localhost/hotel10/public/index.php/tamu/dashboard
DEBUG - 2025-07-18 08:37:30 --> TamuFilter: Peran sesi saat ini: tamu
DEBUG - 2025-07-18 08:37:30 --> TamuFilter: Status login: true
DEBUG - 2025-07-18 08:37:30 --> TamuFilter: Pengguna adalah tamu. Melanjutkan permintaan.
DEBUG - 2025-07-18 08:37:30 --> TamuController: index method triggered.
DEBUG - 2025-07-18 08:37:30 --> TamuController: Attempting to load tamu_dashboard view.
DEBUG - 2025-07-18 08:37:54 --> User logged out. Session destroyed.
DEBUG - 2025-07-18 08:37:54 --> Session: Class initialized using 'CodeIgniter\Session\Handlers\FileHandler' driver.
DEBUG - 2025-07-18 08:37:55 --> Session: Class initialized using 'CodeIgniter\Session\Handlers\FileHandler' driver.
DEBUG - 2025-07-18 08:38:06 --> Session: Class initialized using 'CodeIgniter\Session\Handlers\FileHandler' driver.
DEBUG - 2025-07-18 08:38:06 --> Admin login successful for email: man@mail.com
DEBUG - 2025-07-18 08:38:07 --> Session: Class initialized using 'CodeIgniter\Session\Handlers\FileHandler' driver.
DEBUG - 2025-07-18 08:38:19 --> Session: Class initialized using 'CodeIgniter\Session\Handlers\FileHandler' driver.
DEBUG - 2025-07-18 08:38:37 --> Session: Class initialized using 'CodeIgniter\Session\Handlers\FileHandler' driver.
DEBUG - 2025-07-18 08:38:44 --> Session: Class initialized using 'CodeIgniter\Session\Handlers\FileHandler' driver.
DEBUG - 2025-07-18 08:42:37 --> Session: Class initialized using 'CodeIgniter\Session\Handlers\FileHandler' driver.
DEBUG - 2025-07-18 08:42:50 --> Session: Class initialized using 'CodeIgniter\Session\Handlers\FileHandler' driver.
DEBUG - 2025-07-18 08:42:50 --> Admin login successful for email: man@mail.com
DEBUG - 2025-07-18 08:42:50 --> Session: Class initialized using 'CodeIgniter\Session\Handlers\FileHandler' driver.
DEBUG - 2025-07-18 08:43:10 --> Session: Class initialized using 'CodeIgniter\Session\Handlers\FileHandler' driver.
DEBUG - 2025-07-18 08:43:25 --> Session: Class initialized using 'CodeIgniter\Session\Handlers\FileHandler' driver.
DEBUG - 2025-07-18 08:43:48 --> Session: Class initialized using 'CodeIgniter\Session\Handlers\FileHandler' driver.
DEBUG - 2025-07-18 08:43:53 --> Session: Class initialized using 'CodeIgniter\Session\Handlers\FileHandler' driver.
DEBUG - 2025-07-18 08:43:56 --> Session: Class initialized using 'CodeIgniter\Session\Handlers\FileHandler' driver.
DEBUG - 2025-07-18 08:44:01 --> Session: Class initialized using 'CodeIgniter\Session\Handlers\FileHandler' driver.
DEBUG - 2025-07-18 08:44:53 --> Session: Class initialized using 'CodeIgniter\Session\Handlers\FileHandler' driver.
DEBUG - 2025-07-18 08:45:54 --> Session: Class initialized using 'CodeIgniter\Session\Handlers\FileHandler' driver.
DEBUG - 2025-07-18 08:46:52 --> Session: Class initialized using 'CodeIgniter\Session\Handlers\FileHandler' driver.
DEBUG - 2025-07-18 08:47:04 --> User logged out. Session destroyed.
DEBUG - 2025-07-18 08:47:04 --> Session: Class initialized using 'CodeIgniter\Session\Handlers\FileHandler' driver.
DEBUG - 2025-07-18 08:47:04 --> Session: Class initialized using 'CodeIgniter\Session\Handlers\FileHandler' driver.
DEBUG - 2025-07-18 08:47:39 --> Login failed for email: u1@m.com. Invalid credentials.
DEBUG - 2025-07-18 08:47:39 --> Session: Class initialized using 'CodeIgniter\Session\Handlers\FileHandler' driver.
DEBUG - 2025-07-18 08:47:39 --> Session: Class initialized using 'CodeIgniter\Session\Handlers\FileHandler' driver.
DEBUG - 2025-07-18 08:48:11 --> Login failed for email: u1@m.com. Invalid credentials.
DEBUG - 2025-07-18 08:48:11 --> Session: Class initialized using 'CodeIgniter\Session\Handlers\FileHandler' driver.
DEBUG - 2025-07-18 08:48:11 --> Session: Class initialized using 'CodeIgniter\Session\Handlers\FileHandler' driver.
DEBUG - 2025-07-18 08:48:57 --> Login failed for email: u1@m.com. Invalid credentials.
DEBUG - 2025-07-18 08:48:57 --> Session: Class initialized using 'CodeIgniter\Session\Handlers\FileHandler' driver.
DEBUG - 2025-07-18 08:48:57 --> Session: Class initialized using 'CodeIgniter\Session\Handlers\FileHandler' driver.
DEBUG - 2025-07-18 08:49:06 --> Login failed for email: u1@m.com. Invalid credentials.
DEBUG - 2025-07-18 08:49:06 --> Session: Class initialized using 'CodeIgniter\Session\Handlers\FileHandler' driver.
DEBUG - 2025-07-18 08:49:07 --> Session: Class initialized using 'CodeIgniter\Session\Handlers\FileHandler' driver.
DEBUG - 2025-07-18 08:49:16 --> Session: Class initialized using 'CodeIgniter\Session\Handlers\FileHandler' driver.
DEBUG - 2025-07-18 08:49:54 --> Registration validation failed for email: satria@mail.com
DEBUG - 2025-07-18 08:49:54 --> Session: Class initialized using 'CodeIgniter\Session\Handlers\FileHandler' driver.
DEBUG - 2025-07-18 08:49:54 --> Session: Class initialized using 'CodeIgniter\Session\Handlers\FileHandler' driver.
DEBUG - 2025-07-18 08:50:10 --> Tamu registration successful for email: satria@mail.com
DEBUG - 2025-07-18 08:50:10 --> Session: Class initialized using 'CodeIgniter\Session\Handlers\FileHandler' driver.
DEBUG - 2025-07-18 08:50:10 --> Session: Class initialized using 'CodeIgniter\Session\Handlers\FileHandler' driver.
DEBUG - 2025-07-18 08:50:22 --> Login failed for email: satria@mail.com. Invalid credentials.
DEBUG - 2025-07-18 08:50:22 --> Session: Class initialized using 'CodeIgniter\Session\Handlers\FileHandler' driver.
DEBUG - 2025-07-18 08:50:22 --> Session: Class initialized using 'CodeIgniter\Session\Handlers\FileHandler' driver.
DEBUG - 2025-07-18 08:50:36 --> Login failed for email: satria@mail.com. Invalid credentials.
DEBUG - 2025-07-18 08:50:36 --> Session: Class initialized using 'CodeIgniter\Session\Handlers\FileHandler' driver.
DEBUG - 2025-07-18 08:50:37 --> Session: Class initialized using 'CodeIgniter\Session\Handlers\FileHandler' driver.
DEBUG - 2025-07-18 09:00:19 --> Login failed for email: satria@mail.com. Invalid credentials.
DEBUG - 2025-07-18 09:00:19 --> Session: Class initialized using 'CodeIgniter\Session\Handlers\FileHandler' driver.
DEBUG - 2025-07-18 09:00:19 --> Session: Class initialized using 'CodeIgniter\Session\Handlers\FileHandler' driver.
DEBUG - 2025-07-18 09:02:06 --> Session: Class initialized using 'CodeIgniter\Session\Handlers\FileHandler' driver.
DEBUG - 2025-07-18 09:02:06 --> Tamu login successful for email: satria@mail.com. Session data set: {"__ci_last_regenerate":1752829219,"_ci_previous_url":"http:\/\/localhost\/hotel10\/public\/index.php\/login","id_tamu":"5","nama":"satria ","email":"satria@mail.com","isLoggedIn":true,"role":"tamu"}
DEBUG - 2025-07-18 09:02:06 --> Session: Class initialized using 'CodeIgniter\Session\Handlers\FileHandler' driver.
DEBUG - 2025-07-18 09:02:06 --> TamuFilter: Metode before dipicu untuk URI: http://localhost/hotel10/public/index.php/tamu/dashboard
DEBUG - 2025-07-18 09:02:06 --> TamuFilter: Peran sesi saat ini: tamu
DEBUG - 2025-07-18 09:02:06 --> TamuFilter: Status login: true
DEBUG - 2025-07-18 09:02:06 --> TamuFilter: Pengguna adalah tamu. Melanjutkan permintaan.
DEBUG - 2025-07-18 09:02:07 --> TamuController: index method triggered.
DEBUG - 2025-07-18 09:02:07 --> TamuController: Attempting to load tamu_dashboard view.
DEBUG - 2025-07-18 09:02:33 --> Session: Class initialized using 'CodeIgniter\Session\Handlers\FileHandler' driver.
DEBUG - 2025-07-18 09:02:33 --> TamuFilter: Metode before dipicu untuk URI: http://localhost/hotel10/public/index.php/tamu/dashboard
DEBUG - 2025-07-18 09:02:33 --> TamuFilter: Peran sesi saat ini: tamu
DEBUG - 2025-07-18 09:02:33 --> TamuFilter: Status login: true
DEBUG - 2025-07-18 09:02:33 --> TamuFilter: Pengguna adalah tamu. Melanjutkan permintaan.
DEBUG - 2025-07-18 09:02:33 --> TamuController: index method triggered.
DEBUG - 2025-07-18 09:02:33 --> TamuController: Attempting to load tamu_dashboard view.
DEBUG - 2025-07-18 09:03:09 --> Session: Class initialized using 'CodeIgniter\Session\Handlers\FileHandler' driver.
DEBUG - 2025-07-18 09:03:20 --> Session: Class initialized using 'CodeIgniter\Session\Handlers\FileHandler' driver.
DEBUG - 2025-07-18 09:03:20 --> Tamu login successful for email: satria@mail.com. Session data set: {"__ci_last_regenerate":1752829389,"_ci_previous_url":"http:\/\/localhost\/hotel10\/public\/index.php\/login","id":"3","nama":"satria ","email":"satria@mail.com","isLoggedIn":true,"role":"tamu","id_tamu":"5"}
DEBUG - 2025-07-18 09:03:20 --> Session: Class initialized using 'CodeIgniter\Session\Handlers\FileHandler' driver.
DEBUG - 2025-07-18 09:03:20 --> TamuFilter: Metode before dipicu untuk URI: http://localhost/hotel10/public/index.php/tamu/dashboard
DEBUG - 2025-07-18 09:03:20 --> TamuFilter: Peran sesi saat ini: tamu
DEBUG - 2025-07-18 09:03:20 --> TamuFilter: Status login: true
DEBUG - 2025-07-18 09:03:20 --> TamuFilter: Pengguna adalah tamu. Melanjutkan permintaan.
DEBUG - 2025-07-18 09:03:20 --> TamuController: index method triggered.
DEBUG - 2025-07-18 09:03:20 --> TamuController: Attempting to load tamu_dashboard view.
DEBUG - 2025-07-18 09:03:55 --> Session: Class initialized using 'CodeIgniter\Session\Handlers\FileHandler' driver.
DEBUG - 2025-07-18 09:03:55 --> TamuFilter: Metode before dipicu untuk URI: http://localhost/hotel10/public/index.php/tamu/dashboard
DEBUG - 2025-07-18 09:03:55 --> TamuFilter: Peran sesi saat ini: tamu
DEBUG - 2025-07-18 09:03:55 --> TamuFilter: Status login: true
DEBUG - 2025-07-18 09:03:55 --> TamuFilter: Pengguna adalah tamu. Melanjutkan permintaan.
DEBUG - 2025-07-18 09:03:55 --> TamuController: index method triggered.
DEBUG - 2025-07-18 09:03:55 --> TamuController: Attempting to load tamu_dashboard view.
DEBUG - 2025-07-18 09:04:15 --> Session: Class initialized using 'CodeIgniter\Session\Handlers\FileHandler' driver.
DEBUG - 2025-07-18 09:04:15 --> TamuFilter: Metode before dipicu untuk URI: http://localhost/hotel10/public/index.php/tamu/check-room-availability
DEBUG - 2025-07-18 09:04:15 --> TamuFilter: Peran sesi saat ini: tamu
DEBUG - 2025-07-18 09:04:15 --> TamuFilter: Status login: true
DEBUG - 2025-07-18 09:04:15 --> TamuFilter: Pengguna adalah tamu. Melanjutkan permintaan.
DEBUG - 2025-07-18 09:04:15 --> TamuController: checkRoomAvailability method triggered.
DEBUG - 2025-07-18 09:04:15 --> TamuController: checkRoomAvailability - Input: {"tgl_masuk":"2025-07-19","tgl_keluar":"2025-07-23","jumlah_tamu":"1"}
DEBUG - 2025-07-18 09:04:15 --> TamuController: checkRoomAvailability - Reserved IDs: []
DEBUG - 2025-07-18 09:04:15 --> TamuController: checkRoomAvailability - Found rooms: 6
DEBUG - 2025-07-18 09:05:02 --> Session: Class initialized using 'CodeIgniter\Session\Handlers\FileHandler' driver.
DEBUG - 2025-07-18 09:05:02 --> TamuFilter: Metode before dipicu untuk URI: http://localhost/hotel10/public/index.php/tamu/dashboard
DEBUG - 2025-07-18 09:05:02 --> TamuFilter: Peran sesi saat ini: tamu
DEBUG - 2025-07-18 09:05:02 --> TamuFilter: Status login: true
DEBUG - 2025-07-18 09:05:02 --> TamuFilter: Pengguna adalah tamu. Melanjutkan permintaan.
DEBUG - 2025-07-18 09:05:02 --> TamuController: index method triggered.
DEBUG - 2025-07-18 09:05:02 --> TamuController: Attempting to load tamu_dashboard view.
DEBUG - 2025-07-18 09:05:24 --> Session: Class initialized using 'CodeIgniter\Session\Handlers\FileHandler' driver.
DEBUG - 2025-07-18 09:05:24 --> TamuFilter: Metode before dipicu untuk URI: http://localhost/hotel10/public/index.php/tamu/check-room-availability
DEBUG - 2025-07-18 09:05:24 --> TamuFilter: Peran sesi saat ini: tamu
DEBUG - 2025-07-18 09:05:24 --> TamuFilter: Status login: true
DEBUG - 2025-07-18 09:05:24 --> TamuFilter: Pengguna adalah tamu. Melanjutkan permintaan.
DEBUG - 2025-07-18 09:05:24 --> TamuController: checkRoomAvailability method triggered.
DEBUG - 2025-07-18 09:05:24 --> TamuController: checkRoomAvailability - Input: {"tgl_masuk":"2025-07-19","tgl_keluar":"2025-07-21","jumlah_tamu":"1"}
DEBUG - 2025-07-18 09:05:24 --> TamuController: checkRoomAvailability - Reserved IDs: []
DEBUG - 2025-07-18 09:05:24 --> TamuController: checkRoomAvailability - Found rooms: 6
DEBUG - 2025-07-18 09:06:11 --> Session: Class initialized using 'CodeIgniter\Session\Handlers\FileHandler' driver.
DEBUG - 2025-07-18 09:06:11 --> TamuFilter: Metode before dipicu untuk URI: http://localhost/hotel10/public/index.php/tamu/profil
DEBUG - 2025-07-18 09:06:11 --> TamuFilter: Peran sesi saat ini: tamu
DEBUG - 2025-07-18 09:06:11 --> TamuFilter: Status login: true
DEBUG - 2025-07-18 09:06:11 --> TamuFilter: Pengguna adalah tamu. Melanjutkan permintaan.
DEBUG - 2025-07-18 09:06:11 --> TamuController: editProfil method triggered.
DEBUG - 2025-07-18 09:06:12 --> TamuController: Loading tamu_edit_profil view.
DEBUG - 2025-07-18 09:06:18 --> Session: Class initialized using 'CodeIgniter\Session\Handlers\FileHandler' driver.
DEBUG - 2025-07-18 09:06:18 --> TamuFilter: Metode before dipicu untuk URI: http://localhost/hotel10/public/index.php/tamu/profil
DEBUG - 2025-07-18 09:06:18 --> TamuFilter: Peran sesi saat ini: tamu
DEBUG - 2025-07-18 09:06:18 --> TamuFilter: Status login: true
DEBUG - 2025-07-18 09:06:18 --> TamuFilter: Pengguna adalah tamu. Melanjutkan permintaan.
DEBUG - 2025-07-18 09:06:18 --> Session: Class initialized using 'CodeIgniter\Session\Handlers\FileHandler' driver.
DEBUG - 2025-07-18 09:06:18 --> TamuFilter: Metode before dipicu untuk URI: http://localhost/hotel10/public/index.php/tamu/dashboard
DEBUG - 2025-07-18 09:06:18 --> TamuFilter: Peran sesi saat ini: tamu
DEBUG - 2025-07-18 09:06:18 --> TamuFilter: Status login: true
DEBUG - 2025-07-18 09:06:18 --> TamuFilter: Pengguna adalah tamu. Melanjutkan permintaan.
DEBUG - 2025-07-18 09:06:18 --> TamuController: index method triggered.
DEBUG - 2025-07-18 09:06:18 --> TamuController: Attempting to load tamu_dashboard view.
DEBUG - 2025-07-18 09:06:21 --> User logged out. Session destroyed.
DEBUG - 2025-07-18 09:06:21 --> Session: Class initialized using 'CodeIgniter\Session\Handlers\FileHandler' driver.
DEBUG - 2025-07-18 09:06:22 --> Session: Class initialized using 'CodeIgniter\Session\Handlers\FileHandler' driver.
DEBUG - 2025-07-18 09:06:31 --> Login failed for email: satria@mail.com. Invalid credentials.
DEBUG - 2025-07-18 09:06:31 --> Session: Class initialized using 'CodeIgniter\Session\Handlers\FileHandler' driver.
DEBUG - 2025-07-18 09:06:32 --> Session: Class initialized using 'CodeIgniter\Session\Handlers\FileHandler' driver.
DEBUG - 2025-07-18 09:06:41 --> Login failed for email: satria@mail.com. Invalid credentials.
DEBUG - 2025-07-18 09:06:41 --> Session: Class initialized using 'CodeIgniter\Session\Handlers\FileHandler' driver.
DEBUG - 2025-07-18 09:06:41 --> Session: Class initialized using 'CodeIgniter\Session\Handlers\FileHandler' driver.
DEBUG - 2025-07-18 09:30:02 --> Session: Class initialized using 'CodeIgniter\Session\Handlers\FileHandler' driver.
DEBUG - 2025-07-18 09:31:03 --> Session: Class initialized using 'CodeIgniter\Session\Handlers\FileHandler' driver.
DEBUG - 2025-07-18 09:31:03 --> Admin login successful for email: man@mail.com
DEBUG - 2025-07-18 09:31:03 --> Session: Class initialized using 'CodeIgniter\Session\Handlers\FileHandler' driver.
DEBUG - 2025-07-18 09:31:06 --> Session: Class initialized using 'CodeIgniter\Session\Handlers\FileHandler' driver.
DEBUG - 2025-07-18 09:31:07 --> Session: Class initialized using 'CodeIgniter\Session\Handlers\FileHandler' driver.
DEBUG - 2025-07-18 09:31:10 --> Session: Class initialized using 'CodeIgniter\Session\Handlers\FileHandler' driver.
DEBUG - 2025-07-18 09:31:18 --> Session: Class initialized using 'CodeIgniter\Session\Handlers\FileHandler' driver.
DEBUG - 2025-07-18 09:36:18 --> Session: Class initialized using 'CodeIgniter\Session\Handlers\FileHandler' driver.
DEBUG - 2025-07-18 09:36:20 --> Session: Class initialized using 'CodeIgniter\Session\Handlers\FileHandler' driver.
DEBUG - 2025-07-18 09:36:21 --> Session: Class initialized using 'CodeIgniter\Session\Handlers\FileHandler' driver.
DEBUG - 2025-07-18 09:36:25 --> Session: Class initialized using 'CodeIgniter\Session\Handlers\FileHandler' driver.
DEBUG - 2025-07-18 09:37:14 --> Session: Class initialized using 'CodeIgniter\Session\Handlers\FileHandler' driver.
DEBUG - 2025-07-18 09:38:24 --> Session: Class initialized using 'CodeIgniter\Session\Handlers\FileHandler' driver.
DEBUG - 2025-07-18 09:38:24 --> Session: Class initialized using 'CodeIgniter\Session\Handlers\FileHandler' driver.
DEBUG - 2025-07-18 09:38:28 --> Session: Class initialized using 'CodeIgniter\Session\Handlers\FileHandler' driver.
DEBUG - 2025-07-18 09:39:43 --> Session: Class initialized using 'CodeIgniter\Session\Handlers\FileHandler' driver.
DEBUG - 2025-07-18 09:39:45 --> Session: Class initialized using 'CodeIgniter\Session\Handlers\FileHandler' driver.
DEBUG - 2025-07-18 09:39:46 --> Session: Class initialized using 'CodeIgniter\Session\Handlers\FileHandler' driver.
DEBUG - 2025-07-18 09:39:51 --> Session: Class initialized using 'CodeIgniter\Session\Handlers\FileHandler' driver.
DEBUG - 2025-07-18 09:39:51 --> Session: Class initialized using 'CodeIgniter\Session\Handlers\FileHandler' driver.
DEBUG - 2025-07-18 09:41:47 --> Session: Class initialized using 'CodeIgniter\Session\Handlers\FileHandler' driver.
DEBUG - 2025-07-18 09:41:50 --> Session: Class initialized using 'CodeIgniter\Session\Handlers\FileHandler' driver.
ERROR - 2025-07-18 09:41:51 --> mysqli_sql_exception: Cannot delete or update a parent row: a foreign key constraint fails (`dbhotel10`.`unit_kamar`, CONSTRAINT `unit_kamar_ibfk_1` FOREIGN KEY (`id_kamar`) REFERENCES `kamar` (`id_kamar`)) in C:\xampp\htdocs\hotel10\system\Database\MySQLi\Connection.php:327
Stack trace:
#0 C:\xampp\htdocs\hotel10\system\Database\MySQLi\Connection.php(327): mysqli->query('DELETE FROM `ka...', 0)
#1 C:\xampp\htdocs\hotel10\system\Database\BaseConnection.php(738): CodeIgniter\Database\MySQLi\Connection->execute('DELETE FROM `ka...')
#2 C:\xampp\htdocs\hotel10\system\Database\BaseConnection.php(652): CodeIgniter\Database\BaseConnection->simpleQuery('DELETE FROM `ka...')
#3 C:\xampp\htdocs\hotel10\system\Database\BaseBuilder.php(2848): CodeIgniter\Database\BaseConnection->query('DELETE FROM `ka...', Array, false)
#4 C:\xampp\htdocs\hotel10\system\Model.php(521): CodeIgniter\Database\BaseBuilder->delete()
#5 C:\xampp\htdocs\hotel10\system\BaseModel.php(1161): CodeIgniter\Model->doDelete(Array, false)
#6 C:\xampp\htdocs\hotel10\app\Controllers\KamarController.php(184): CodeIgniter\BaseModel->delete(Array)
#7 C:\xampp\htdocs\hotel10\system\CodeIgniter.php(933): App\Controllers\KamarController->delete('3')
#8 C:\xampp\htdocs\hotel10\system\CodeIgniter.php(507): CodeIgniter\CodeIgniter->runController(Object(App\Controllers\KamarController))
#9 C:\xampp\htdocs\hotel10\system\CodeIgniter.php(354): CodeIgniter\CodeIgniter->handleRequest(NULL, Object(Config\Cache), false)
#10 C:\xampp\htdocs\hotel10\system\Boot.php(334): CodeIgniter\CodeIgniter->run()
#11 C:\xampp\htdocs\hotel10\system\Boot.php(67): CodeIgniter\Boot::runCodeIgniter(Object(CodeIgniter\CodeIgniter))
#12 C:\xampp\htdocs\hotel10\public\index.php(59): CodeIgniter\Boot::bootWeb(Object(Config\Paths))
#13 {main}
CRITICAL - 2025-07-18 09:41:51 --> CodeIgniter\Database\Exceptions\DatabaseException: Cannot delete or update a parent row: a foreign key constraint fails (`dbhotel10`.`unit_kamar`, CONSTRAINT `unit_kamar_ibfk_1` FOREIGN KEY (`id_kamar`) REFERENCES `kamar` (`id_kamar`))
[Method: GET, Route: admin/kamar/delete/3]
in SYSTEMPATH\Database\BaseConnection.php on line 692.
 1 SYSTEMPATH\Database\BaseBuilder.php(2848): CodeIgniter\Database\BaseConnection->query('DELETE FROM `kamar`
WHERE `id_kamar` IN :id_kamar:', [...], false)
 2 SYSTEMPATH\Model.php(521): CodeIgniter\Database\BaseBuilder->delete()
 3 SYSTEMPATH\BaseModel.php(1161): CodeIgniter\Model->doDelete([...], false)
 4 APPPATH\Controllers\KamarController.php(184): CodeIgniter\BaseModel->delete([...])
 5 SYSTEMPATH\CodeIgniter.php(933): App\Controllers\KamarController->delete('3')
 6 SYSTEMPATH\CodeIgniter.php(507): CodeIgniter\CodeIgniter->runController(Object(App\Controllers\KamarController))
 7 SYSTEMPATH\CodeIgniter.php(354): CodeIgniter\CodeIgniter->handleRequest(null, Object(Config\Cache), false)
 8 SYSTEMPATH\Boot.php(334): CodeIgniter\CodeIgniter->run()
 9 SYSTEMPATH\Boot.php(67): CodeIgniter\Boot::runCodeIgniter(Object(CodeIgniter\CodeIgniter))
10 FCPATH\index.php(59): CodeIgniter\Boot::bootWeb(Object(Config\Paths))
CRITICAL - 2025-07-18 09:41:51 --> [Caused by] CodeIgniter\Database\Exceptions\DatabaseException: Cannot delete or update a parent row: a foreign key constraint fails (`dbhotel10`.`unit_kamar`, CONSTRAINT `unit_kamar_ibfk_1` FOREIGN KEY (`id_kamar`) REFERENCES `kamar` (`id_kamar`))
in SYSTEMPATH\Database\MySQLi\Connection.php on line 332.
 1 SYSTEMPATH\Database\BaseConnection.php(738): CodeIgniter\Database\MySQLi\Connection->execute('DELETE FROM `kamar`
WHERE `id_kamar` IN (\'3\')')
 2 SYSTEMPATH\Database\BaseConnection.php(652): CodeIgniter\Database\BaseConnection->simpleQuery('DELETE FROM `kamar`
WHERE `id_kamar` IN (\'3\')')
 3 SYSTEMPATH\Database\BaseBuilder.php(2848): CodeIgniter\Database\BaseConnection->query('DELETE FROM `kamar`
WHERE `id_kamar` IN :id_kamar:', [...], false)
 4 SYSTEMPATH\Model.php(521): CodeIgniter\Database\BaseBuilder->delete()
 5 SYSTEMPATH\BaseModel.php(1161): CodeIgniter\Model->doDelete([...], false)
 6 APPPATH\Controllers\KamarController.php(184): CodeIgniter\BaseModel->delete([...])
 7 SYSTEMPATH\CodeIgniter.php(933): App\Controllers\KamarController->delete('3')
 8 SYSTEMPATH\CodeIgniter.php(507): CodeIgniter\CodeIgniter->runController(Object(App\Controllers\KamarController))
 9 SYSTEMPATH\CodeIgniter.php(354): CodeIgniter\CodeIgniter->handleRequest(null, Object(Config\Cache), false)
10 SYSTEMPATH\Boot.php(334): CodeIgniter\CodeIgniter->run()
11 SYSTEMPATH\Boot.php(67): CodeIgniter\Boot::runCodeIgniter(Object(CodeIgniter\CodeIgniter))
12 FCPATH\index.php(59): CodeIgniter\Boot::bootWeb(Object(Config\Paths))
CRITICAL - 2025-07-18 09:41:51 --> [Caused by] mysqli_sql_exception: Cannot delete or update a parent row: a foreign key constraint fails (`dbhotel10`.`unit_kamar`, CONSTRAINT `unit_kamar_ibfk_1` FOREIGN KEY (`id_kamar`) REFERENCES `kamar` (`id_kamar`))
in SYSTEMPATH\Database\MySQLi\Connection.php on line 327.
 1 SYSTEMPATH\Database\MySQLi\Connection.php(327): mysqli->query('DELETE FROM `kamar`
WHERE `id_kamar` IN (\'3\')', 0)
 2 SYSTEMPATH\Database\BaseConnection.php(738): CodeIgniter\Database\MySQLi\Connection->execute('DELETE FROM `kamar`
WHERE `id_kamar` IN (\'3\')')
 3 SYSTEMPATH\Database\BaseConnection.php(652): CodeIgniter\Database\BaseConnection->simpleQuery('DELETE FROM `kamar`
WHERE `id_kamar` IN (\'3\')')
 4 SYSTEMPATH\Database\BaseBuilder.php(2848): CodeIgniter\Database\BaseConnection->query('DELETE FROM `kamar`
WHERE `id_kamar` IN :id_kamar:', [...], false)
 5 SYSTEMPATH\Model.php(521): CodeIgniter\Database\BaseBuilder->delete()
 6 SYSTEMPATH\BaseModel.php(1161): CodeIgniter\Model->doDelete([...], false)
 7 APPPATH\Controllers\KamarController.php(184): CodeIgniter\BaseModel->delete([...])
 8 SYSTEMPATH\CodeIgniter.php(933): App\Controllers\KamarController->delete('3')
 9 SYSTEMPATH\CodeIgniter.php(507): CodeIgniter\CodeIgniter->runController(Object(App\Controllers\KamarController))
10 SYSTEMPATH\CodeIgniter.php(354): CodeIgniter\CodeIgniter->handleRequest(null, Object(Config\Cache), false)
11 SYSTEMPATH\Boot.php(334): CodeIgniter\CodeIgniter->run()
12 SYSTEMPATH\Boot.php(67): CodeIgniter\Boot::runCodeIgniter(Object(CodeIgniter\CodeIgniter))
13 FCPATH\index.php(59): CodeIgniter\Boot::bootWeb(Object(Config\Paths))
DEBUG - 2025-07-18 09:42:39 --> Session: Class initialized using 'CodeIgniter\Session\Handlers\FileHandler' driver.
DEBUG - 2025-07-18 09:42:43 --> Session: Class initialized using 'CodeIgniter\Session\Handlers\FileHandler' driver.
DEBUG - 2025-07-18 09:42:44 --> Session: Class initialized using 'CodeIgniter\Session\Handlers\FileHandler' driver.
DEBUG - 2025-07-18 09:42:45 --> Session: Class initialized using 'CodeIgniter\Session\Handlers\FileHandler' driver.
DEBUG - 2025-07-18 09:42:47 --> Session: Class initialized using 'CodeIgniter\Session\Handlers\FileHandler' driver.
DEBUG - 2025-07-18 09:42:57 --> User logged out. Session destroyed.
DEBUG - 2025-07-18 09:42:57 --> Session: Class initialized using 'CodeIgniter\Session\Handlers\FileHandler' driver.
DEBUG - 2025-07-18 09:42:57 --> Session: Class initialized using 'CodeIgniter\Session\Handlers\FileHandler' driver.
DEBUG - 2025-07-18 09:43:16 --> Login failed for email: g@mail.com. Invalid credentials.
DEBUG - 2025-07-18 09:43:16 --> Session: Class initialized using 'CodeIgniter\Session\Handlers\FileHandler' driver.
DEBUG - 2025-07-18 09:43:16 --> Session: Class initialized using 'CodeIgniter\Session\Handlers\FileHandler' driver.
DEBUG - 2025-07-18 09:43:20 --> Login failed for email: g@mail.com. Invalid credentials.
DEBUG - 2025-07-18 09:43:20 --> Session: Class initialized using 'CodeIgniter\Session\Handlers\FileHandler' driver.
DEBUG - 2025-07-18 09:43:21 --> Session: Class initialized using 'CodeIgniter\Session\Handlers\FileHandler' driver.
DEBUG - 2025-07-18 09:43:39 --> Session: Class initialized using 'CodeIgniter\Session\Handlers\FileHandler' driver.
DEBUG - 2025-07-18 09:43:43 --> Session: Class initialized using 'CodeIgniter\Session\Handlers\FileHandler' driver.
DEBUG - 2025-07-18 09:43:43 --> Tamu login successful for email: g@mail.com. Session data set: {"__ci_last_regenerate":1752831777,"_ci_previous_url":"http:\/\/localhost\/hotel10\/public\/index.php\/login","id_tamu":"4","nama":"satriaz","email":"g@mail.com","isLoggedIn":true,"role":"tamu"}
DEBUG - 2025-07-18 09:43:43 --> Session: Class initialized using 'CodeIgniter\Session\Handlers\FileHandler' driver.
DEBUG - 2025-07-18 09:43:43 --> TamuFilter: Metode before dipicu untuk URI: http://localhost/hotel10/public/index.php/tamu/dashboard
DEBUG - 2025-07-18 09:43:43 --> TamuFilter: Peran sesi saat ini: tamu
DEBUG - 2025-07-18 09:43:43 --> TamuFilter: Status login: true
DEBUG - 2025-07-18 09:43:43 --> TamuFilter: Pengguna adalah tamu. Melanjutkan permintaan.
DEBUG - 2025-07-18 09:43:43 --> TamuController: index method triggered.
DEBUG - 2025-07-18 09:43:43 --> TamuController: Attempting to load tamu_dashboard view.
DEBUG - 2025-07-18 09:43:53 --> Session: Class initialized using 'CodeIgniter\Session\Handlers\FileHandler' driver.
DEBUG - 2025-07-18 09:43:53 --> TamuFilter: Metode before dipicu untuk URI: http://localhost/hotel10/public/index.php/tamu/check-room-availability
DEBUG - 2025-07-18 09:43:53 --> TamuFilter: Peran sesi saat ini: tamu
DEBUG - 2025-07-18 09:43:53 --> TamuFilter: Status login: true
DEBUG - 2025-07-18 09:43:53 --> TamuFilter: Pengguna adalah tamu. Melanjutkan permintaan.
DEBUG - 2025-07-18 09:43:53 --> TamuController: checkRoomAvailability method triggered.
DEBUG - 2025-07-18 09:43:53 --> TamuController: checkRoomAvailability - Input: {"tgl_masuk":"2025-07-18","tgl_keluar":"2025-07-19","jumlah_tamu":"1"}
DEBUG - 2025-07-18 09:43:53 --> TamuController: checkRoomAvailability - Reserved IDs: []
DEBUG - 2025-07-18 09:43:53 --> TamuController: checkRoomAvailability - Found rooms: 0
DEBUG - 2025-07-18 09:43:53 --> Session: Class initialized using 'CodeIgniter\Session\Handlers\FileHandler' driver.
DEBUG - 2025-07-18 09:43:53 --> TamuFilter: Metode before dipicu untuk URI: http://localhost/hotel10/public/index.php/tamu/check-room-availability
DEBUG - 2025-07-18 09:43:53 --> TamuFilter: Peran sesi saat ini: tamu
DEBUG - 2025-07-18 09:43:53 --> TamuFilter: Status login: true
DEBUG - 2025-07-18 09:43:53 --> TamuFilter: Pengguna adalah tamu. Melanjutkan permintaan.
DEBUG - 2025-07-18 09:43:53 --> TamuController: checkRoomAvailability method triggered.
DEBUG - 2025-07-18 09:43:53 --> TamuController: checkRoomAvailability - Input: {"tgl_masuk":"2025-07-18","tgl_keluar":"2025-07-19","jumlah_tamu":"1"}
DEBUG - 2025-07-18 09:43:53 --> TamuController: checkRoomAvailability - Reserved IDs: []
DEBUG - 2025-07-18 09:43:53 --> TamuController: checkRoomAvailability - Found rooms: 0
DEBUG - 2025-07-18 09:43:54 --> Session: Class initialized using 'CodeIgniter\Session\Handlers\FileHandler' driver.
DEBUG - 2025-07-18 09:43:54 --> TamuFilter: Metode before dipicu untuk URI: http://localhost/hotel10/public/index.php/tamu/check-room-availability
DEBUG - 2025-07-18 09:43:54 --> TamuFilter: Peran sesi saat ini: tamu
DEBUG - 2025-07-18 09:43:54 --> TamuFilter: Status login: true
DEBUG - 2025-07-18 09:43:54 --> TamuFilter: Pengguna adalah tamu. Melanjutkan permintaan.
DEBUG - 2025-07-18 09:43:54 --> TamuController: checkRoomAvailability method triggered.
DEBUG - 2025-07-18 09:43:54 --> TamuController: checkRoomAvailability - Input: {"tgl_masuk":"2025-07-18","tgl_keluar":"2025-07-19","jumlah_tamu":"1"}
DEBUG - 2025-07-18 09:43:54 --> TamuController: checkRoomAvailability - Reserved IDs: []
DEBUG - 2025-07-18 09:43:54 --> TamuController: checkRoomAvailability - Found rooms: 0
DEBUG - 2025-07-18 09:43:54 --> Session: Class initialized using 'CodeIgniter\Session\Handlers\FileHandler' driver.
DEBUG - 2025-07-18 09:43:54 --> TamuFilter: Metode before dipicu untuk URI: http://localhost/hotel10/public/index.php/tamu/check-room-availability
DEBUG - 2025-07-18 09:43:54 --> TamuFilter: Peran sesi saat ini: tamu
DEBUG - 2025-07-18 09:43:54 --> TamuFilter: Status login: true
DEBUG - 2025-07-18 09:43:54 --> TamuFilter: Pengguna adalah tamu. Melanjutkan permintaan.
DEBUG - 2025-07-18 09:43:54 --> TamuController: checkRoomAvailability method triggered.
DEBUG - 2025-07-18 09:43:54 --> TamuController: checkRoomAvailability - Input: {"tgl_masuk":"2025-07-18","tgl_keluar":"2025-07-19","jumlah_tamu":"1"}
DEBUG - 2025-07-18 09:43:54 --> TamuController: checkRoomAvailability - Reserved IDs: []
DEBUG - 2025-07-18 09:43:54 --> TamuController: checkRoomAvailability - Found rooms: 0
DEBUG - 2025-07-18 09:43:54 --> Session: Class initialized using 'CodeIgniter\Session\Handlers\FileHandler' driver.
DEBUG - 2025-07-18 09:43:54 --> TamuFilter: Metode before dipicu untuk URI: http://localhost/hotel10/public/index.php/tamu/check-room-availability
DEBUG - 2025-07-18 09:43:54 --> TamuFilter: Peran sesi saat ini: tamu
DEBUG - 2025-07-18 09:43:54 --> TamuFilter: Status login: true
DEBUG - 2025-07-18 09:43:54 --> TamuFilter: Pengguna adalah tamu. Melanjutkan permintaan.
DEBUG - 2025-07-18 09:43:54 --> TamuController: checkRoomAvailability method triggered.
DEBUG - 2025-07-18 09:43:54 --> TamuController: checkRoomAvailability - Input: {"tgl_masuk":"2025-07-18","tgl_keluar":"2025-07-19","jumlah_tamu":"1"}
DEBUG - 2025-07-18 09:43:54 --> TamuController: checkRoomAvailability - Reserved IDs: []
DEBUG - 2025-07-18 09:43:54 --> TamuController: checkRoomAvailability - Found rooms: 0
DEBUG - 2025-07-18 09:43:54 --> Session: Class initialized using 'CodeIgniter\Session\Handlers\FileHandler' driver.
DEBUG - 2025-07-18 09:43:54 --> TamuFilter: Metode before dipicu untuk URI: http://localhost/hotel10/public/index.php/tamu/check-room-availability
DEBUG - 2025-07-18 09:43:54 --> TamuFilter: Peran sesi saat ini: tamu
DEBUG - 2025-07-18 09:43:54 --> TamuFilter: Status login: true
DEBUG - 2025-07-18 09:43:54 --> TamuFilter: Pengguna adalah tamu. Melanjutkan permintaan.
DEBUG - 2025-07-18 09:43:54 --> TamuController: checkRoomAvailability method triggered.
DEBUG - 2025-07-18 09:43:54 --> TamuController: checkRoomAvailability - Input: {"tgl_masuk":"2025-07-18","tgl_keluar":"2025-07-19","jumlah_tamu":"1"}
DEBUG - 2025-07-18 09:43:54 --> TamuController: checkRoomAvailability - Reserved IDs: []
DEBUG - 2025-07-18 09:43:54 --> TamuController: checkRoomAvailability - Found rooms: 0
DEBUG - 2025-07-18 09:43:54 --> Session: Class initialized using 'CodeIgniter\Session\Handlers\FileHandler' driver.
DEBUG - 2025-07-18 09:43:54 --> TamuFilter: Metode before dipicu untuk URI: http://localhost/hotel10/public/index.php/tamu/check-room-availability
DEBUG - 2025-07-18 09:43:54 --> TamuFilter: Peran sesi saat ini: tamu
DEBUG - 2025-07-18 09:43:54 --> TamuFilter: Status login: true
DEBUG - 2025-07-18 09:43:54 --> TamuFilter: Pengguna adalah tamu. Melanjutkan permintaan.
DEBUG - 2025-07-18 09:43:54 --> TamuController: checkRoomAvailability method triggered.
DEBUG - 2025-07-18 09:43:54 --> TamuController: checkRoomAvailability - Input: {"tgl_masuk":"2025-07-18","tgl_keluar":"2025-07-19","jumlah_tamu":"1"}
DEBUG - 2025-07-18 09:43:54 --> TamuController: checkRoomAvailability - Reserved IDs: []
DEBUG - 2025-07-18 09:43:54 --> TamuController: checkRoomAvailability - Found rooms: 0
DEBUG - 2025-07-18 09:43:54 --> Session: Class initialized using 'CodeIgniter\Session\Handlers\FileHandler' driver.
DEBUG - 2025-07-18 09:43:54 --> TamuFilter: Metode before dipicu untuk URI: http://localhost/hotel10/public/index.php/tamu/check-room-availability
DEBUG - 2025-07-18 09:43:54 --> TamuFilter: Peran sesi saat ini: tamu
DEBUG - 2025-07-18 09:43:54 --> TamuFilter: Status login: true
DEBUG - 2025-07-18 09:43:54 --> TamuFilter: Pengguna adalah tamu. Melanjutkan permintaan.
DEBUG - 2025-07-18 09:43:54 --> TamuController: checkRoomAvailability method triggered.
DEBUG - 2025-07-18 09:43:54 --> TamuController: checkRoomAvailability - Input: {"tgl_masuk":"2025-07-18","tgl_keluar":"2025-07-19","jumlah_tamu":"1"}
DEBUG - 2025-07-18 09:43:54 --> TamuController: checkRoomAvailability - Reserved IDs: []
DEBUG - 2025-07-18 09:43:54 --> TamuController: checkRoomAvailability - Found rooms: 0
DEBUG - 2025-07-18 09:43:55 --> Session: Class initialized using 'CodeIgniter\Session\Handlers\FileHandler' driver.
DEBUG - 2025-07-18 09:43:55 --> TamuFilter: Metode before dipicu untuk URI: http://localhost/hotel10/public/index.php/tamu/check-room-availability
DEBUG - 2025-07-18 09:43:55 --> TamuFilter: Peran sesi saat ini: tamu
DEBUG - 2025-07-18 09:43:55 --> TamuFilter: Status login: true
DEBUG - 2025-07-18 09:43:55 --> TamuFilter: Pengguna adalah tamu. Melanjutkan permintaan.
DEBUG - 2025-07-18 09:43:55 --> TamuController: checkRoomAvailability method triggered.
DEBUG - 2025-07-18 09:43:55 --> TamuController: checkRoomAvailability - Input: {"tgl_masuk":"2025-07-18","tgl_keluar":"2025-07-19","jumlah_tamu":"1"}
DEBUG - 2025-07-18 09:43:55 --> TamuController: checkRoomAvailability - Reserved IDs: []
DEBUG - 2025-07-18 09:43:55 --> TamuController: checkRoomAvailability - Found rooms: 0
DEBUG - 2025-07-18 09:47:09 --> User logged out. Session destroyed.
DEBUG - 2025-07-18 09:47:09 --> Session: Class initialized using 'CodeIgniter\Session\Handlers\FileHandler' driver.
DEBUG - 2025-07-18 09:47:10 --> Session: Class initialized using 'CodeIgniter\Session\Handlers\FileHandler' driver.
DEBUG - 2025-07-18 09:47:12 --> Session: Class initialized using 'CodeIgniter\Session\Handlers\FileHandler' driver.
DEBUG - 2025-07-18 09:47:23 --> Session: Class initialized using 'CodeIgniter\Session\Handlers\FileHandler' driver.
DEBUG - 2025-07-18 09:47:23 --> Tamu login successful for email: satria@mail.com. Session data set: {"__ci_last_regenerate":1752832030,"_ci_previous_url":"http:\/\/localhost\/hotel10\/public\/index.php\/login","id_tamu":"5","nama":"satria ","email":"satria@mail.com","isLoggedIn":true,"role":"tamu"}
DEBUG - 2025-07-18 09:47:23 --> Session: Class initialized using 'CodeIgniter\Session\Handlers\FileHandler' driver.
DEBUG - 2025-07-18 09:47:23 --> TamuFilter: Metode before dipicu untuk URI: http://localhost/hotel10/public/index.php/tamu/dashboard
DEBUG - 2025-07-18 09:47:23 --> TamuFilter: Peran sesi saat ini: tamu
DEBUG - 2025-07-18 09:47:23 --> TamuFilter: Status login: true
DEBUG - 2025-07-18 09:47:23 --> TamuFilter: Pengguna adalah tamu. Melanjutkan permintaan.
DEBUG - 2025-07-18 09:47:23 --> TamuController: index method triggered.
DEBUG - 2025-07-18 09:47:23 --> TamuController: Attempting to load tamu_dashboard view.
DEBUG - 2025-07-18 09:47:32 --> Session: Class initialized using 'CodeIgniter\Session\Handlers\FileHandler' driver.
DEBUG - 2025-07-18 09:47:32 --> TamuFilter: Metode before dipicu untuk URI: http://localhost/hotel10/public/index.php/tamu/check-room-availability
DEBUG - 2025-07-18 09:47:32 --> TamuFilter: Peran sesi saat ini: tamu
DEBUG - 2025-07-18 09:47:32 --> TamuFilter: Status login: true
DEBUG - 2025-07-18 09:47:32 --> TamuFilter: Pengguna adalah tamu. Melanjutkan permintaan.
DEBUG - 2025-07-18 09:47:32 --> TamuController: checkRoomAvailability method triggered.
DEBUG - 2025-07-18 09:47:32 --> TamuController: checkRoomAvailability - Input: {"tgl_masuk":"2025-07-18","tgl_keluar":"2025-07-26","jumlah_tamu":"1"}
DEBUG - 2025-07-18 09:47:32 --> TamuController: checkRoomAvailability - Reserved IDs: []
DEBUG - 2025-07-18 09:47:32 --> TamuController: checkRoomAvailability - Found rooms: 6
DEBUG - 2025-07-18 09:47:34 --> User logged out. Session destroyed.
DEBUG - 2025-07-18 09:47:34 --> Session: Class initialized using 'CodeIgniter\Session\Handlers\FileHandler' driver.
DEBUG - 2025-07-18 09:47:35 --> Session: Class initialized using 'CodeIgniter\Session\Handlers\FileHandler' driver.
DEBUG - 2025-07-18 09:47:41 --> Session: Class initialized using 'CodeIgniter\Session\Handlers\FileHandler' driver.
DEBUG - 2025-07-18 09:47:41 --> Admin login successful for email: man@mail.com
DEBUG - 2025-07-18 09:47:41 --> Session: Class initialized using 'CodeIgniter\Session\Handlers\FileHandler' driver.
DEBUG - 2025-07-18 09:47:42 --> Session: Class initialized using 'CodeIgniter\Session\Handlers\FileHandler' driver.
DEBUG - 2025-07-18 09:47:43 --> Session: Class initialized using 'CodeIgniter\Session\Handlers\FileHandler' driver.
DEBUG - 2025-07-18 09:47:46 --> Session: Class initialized using 'CodeIgniter\Session\Handlers\FileHandler' driver.
DEBUG - 2025-07-18 09:47:54 --> Session: Class initialized using 'CodeIgniter\Session\Handlers\FileHandler' driver.
DEBUG - 2025-07-18 09:47:54 --> Session: Class initialized using 'CodeIgniter\Session\Handlers\FileHandler' driver.
DEBUG - 2025-07-18 09:48:02 --> Session: Class initialized using 'CodeIgniter\Session\Handlers\FileHandler' driver.
DEBUG - 2025-07-18 09:48:02 --> Session: Class initialized using 'CodeIgniter\Session\Handlers\FileHandler' driver.
DEBUG - 2025-07-18 09:48:07 --> Session: Class initialized using 'CodeIgniter\Session\Handlers\FileHandler' driver.
DEBUG - 2025-07-18 09:48:11 --> Session: Class initialized using 'CodeIgniter\Session\Handlers\FileHandler' driver.
DEBUG - 2025-07-18 09:48:11 --> Session: Class initialized using 'CodeIgniter\Session\Handlers\FileHandler' driver.
DEBUG - 2025-07-18 09:48:13 --> Session: Class initialized using 'CodeIgniter\Session\Handlers\FileHandler' driver.
DEBUG - 2025-07-18 09:48:14 --> Session: Class initialized using 'CodeIgniter\Session\Handlers\FileHandler' driver.
DEBUG - 2025-07-18 09:48:14 --> Session: Class initialized using 'CodeIgniter\Session\Handlers\FileHandler' driver.
DEBUG - 2025-07-18 09:48:17 --> Session: Class initialized using 'CodeIgniter\Session\Handlers\FileHandler' driver.
DEBUG - 2025-07-18 09:48:17 --> Session: Class initialized using 'CodeIgniter\Session\Handlers\FileHandler' driver.
DEBUG - 2025-07-18 09:48:18 --> Session: Class initialized using 'CodeIgniter\Session\Handlers\FileHandler' driver.
DEBUG - 2025-07-18 09:48:38 --> Session: Class initialized using 'CodeIgniter\Session\Handlers\FileHandler' driver.
DEBUG - 2025-07-18 09:48:38 --> Session: Class initialized using 'CodeIgniter\Session\Handlers\FileHandler' driver.
DEBUG - 2025-07-18 09:48:41 --> Session: Class initialized using 'CodeIgniter\Session\Handlers\FileHandler' driver.
DEBUG - 2025-07-18 09:48:49 --> Session: Class initialized using 'CodeIgniter\Session\Handlers\FileHandler' driver.
DEBUG - 2025-07-18 09:48:49 --> Session: Class initialized using 'CodeIgniter\Session\Handlers\FileHandler' driver.
DEBUG - 2025-07-18 09:48:52 --> Session: Class initialized using 'CodeIgniter\Session\Handlers\FileHandler' driver.
DEBUG - 2025-07-18 09:48:57 --> Session: Class initialized using 'CodeIgniter\Session\Handlers\FileHandler' driver.
DEBUG - 2025-07-18 09:48:58 --> Session: Class initialized using 'CodeIgniter\Session\Handlers\FileHandler' driver.
